TOOL:	xrun	21.03-s009: Started on Nov 20, 2023 at 21:24:51 CET
xrun
	-compile
	-l xrun_compile.log
	-F ../tb/tb.f
		../../common/vdic_dut_2023.svp
		top.sv
		tpgen.sv
		mult_bfm.sv
		coverage.sv
		scoreboard.sv
	-v93
	+nowarnDSEM2009
	+nowarnDSEMEL
	+nowarnCGDEFN
	+nowarnCOVUTA
	+nowarnBADPRF
	+nowarnXCLGNOPTM
	+nowarnRNDXCELON
	+nowarnSAWSTP
	-xmlibdirname INCA_libs
	+overwrite
	-nocopyright
	-coverage all
	-covoverwrite
	-covfile xrun_covfile.txt
file: ../tb/../../common/vdic_dut_2023.svp
	module worklib.vdic_dut_2023:svp
		errors: 0, warnings: 0
file: ../tb/top.sv
	module worklib.top:sv
		errors: 0, warnings: 0
file: ../tb/tpgen.sv
	module worklib.tpgen:sv
		errors: 0, warnings: 0
file: ../tb/mult_bfm.sv
	interface worklib.mult_bfm:sv
		errors: 0, warnings: 0
file: ../tb/coverage.sv
	module worklib.coverage:sv
		errors: 0, warnings: 0
file: ../tb/scoreboard.sv
	module worklib.scoreboard:sv
		errors: 0, warnings: 0
TOOL:	xrun	21.03-s009: Exiting on Nov 20, 2023 at 21:24:51 CET  (total: 00:00:00)
