*I,RUNLD: Successfully loaded run /home/student/afudali/Desktop/VDIC/lab03/run/cov_work/scope/lab03.
*I,MERGL1: Merging Simulation Coverage ...
----------------------------
*I,MERGL1: Preparing target model ...
*I,MERGL1: Reading model of primary run (cov_work/scope/lab03) as initial model: cov_work/scope/icc_159614f3_346bffc1.ucm
*I,MERGL1: Target model generated successfully.
*I,MERGL1: Projecting Simulation ucd data into the target model ...
*I,MERGL2:   cov_work/scope/lab03:
*I,MERGL3:       Data is projected in to the target model.
*I,MERGL1: Writing output database cov_work/scope/merged_results:
*I,MERGL2:   Model: cov_work/scope/merged_results/icc_159614f3_346bffc1.ucm
*I,MERGL2:   Data : cov_work/scope/merged_results/icc_159614f3_346bffc1.ucd
*I,MERGL1: No Specman coverage databases found in the runs.
Total conflicts during target model creation: 0
Total items not merged                      : 0
Total runs not considered during target model creation: 0
Total runs not merged                                 : 0
*I,RUNLD: Successfully loaded run /home/student/afudali/Desktop/VDIC/lab03/run/cov_work/scope/merged_results.
*W,REPDEP: This is a legacy report and no future enhancement is planned for this report. It is recommended that you use the 'report_metrics' command and generate a dynamic report.
name                                     Overall Average      Overall Covered      Code Average         Code Covered         Fsm Average          Fsm Covered          Functional Average   Functional Covered   
-----------------------------------------------------------------------------------------------------------------------------------------------------------------------------------------------------------------
top                                      n/a                  n/a                  n/a                  n/a                  n/a                  n/a                  n/a                  n/a                  
|--bfm                                   100.00%              100.00% (83/83)      100.00%              100.00% (83/83)      n/a                  n/a                  n/a                  n/a                  
|--tpgen_i                               100.00%              100.00% (35/35)      100.00%              100.00% (35/35)      n/a                  n/a                  n/a                  n/a                  
|--coverage_i                            100.00%              100.00% (106/106)    100.00%              100.00% (47/47)      n/a                  n/a                  100.00%              100.00% (59/59)      
|--scoreboard_i                          93.07%               86.60% (84/97)       86.14%               86.17% (81/94)       n/a                  n/a                  100.00%              100.00% (3/3)        
|--DUT                                   100.00%              100.00% (73/73)      100.00%              100.00% (73/73)      n/a                  n/a                  n/a                  n/a                  
