*** Start analyzing build configuration ***
*** List of included argument files ***
    Build configuration file:  /home/student/afudali/Desktop/VDIC/.dvt/lab02.build
    -F /home/student/afudali/Desktop/VDIC/lab02/tb/tb.f
*** Done analyzing build configuration [13 ms] ***
Loaded compile waivers from /home/student/afudali/Desktop/VDIC/.dvt/waivers.xml for project VDIC

*** Start SystemVerilog build ***
*** Invocation #1***
Loading (1) /home/student/afudali/Desktop/VDIC/common/vdic_dut_2023.svp ...
Done /home/student/afudali/Desktop/VDIC/common/vdic_dut_2023.svp [39 ms, 183 lines, SystemVerilog_2012] ...
Loading (2) /home/student/afudali/Desktop/VDIC/lab02/tb/vdic_dut_2023_tb.sv ...
Done /home/student/afudali/Desktop/VDIC/lab02/tb/vdic_dut_2023_tb.sv [15 ms, 434 lines, SystemVerilog_2012] ...
*** Done invocation #1 [36 ms] ***
*** Done parsing [LT 20.0 ms, PT 36.0 ms] ***
*** Total number of lines [617] ***
Performing post full build actions ...
Performing post full build step 1 (SRI) [0 ms] ...
Performing post full build step 2 (RI) [0 ms] ...
Performing post full build step 3 (RCP) [0 ms] ...
*** Done SystemVerilog build [70 ms] ***

*** Start mixed mode extension build ***
Performing mixed post full build step (VLOG - RI) [0 ms] ...
*** Warning: UNSPECIFIED_TOP: Please specify a -top module/entity/configuration in the project build file
*** Top design candidates: work.top
Performing mixed post full build step (MIXED - ELAB) [221 ms] ...
Performing mixed post full build step (MIXED - UNEL) [53 ms] ...
*** Error: UNDECLARED_IDENTIFIER: Identifier 'add_op' is not declared
    at line 63 in /home/student/afudali/Desktop/VDIC/lab02/tb/vdic_dut_2023_tb.sv [compile index 2]
*** Error: UNDECLARED_IDENTIFIER: Identifier 'xor_op' is not declared
    at line 63 in /home/student/afudali/Desktop/VDIC/lab02/tb/vdic_dut_2023_tb.sv [compile index 2]
*** Error: UNDECLARED_IDENTIFIER: Identifier 'rst_op' is not declared
    at line 63 in /home/student/afudali/Desktop/VDIC/lab02/tb/vdic_dut_2023_tb.sv [compile index 2]
*** Error: UNDECLARED_IDENTIFIER: Identifier 'no_op' is not declared
    at line 63 in /home/student/afudali/Desktop/VDIC/lab02/tb/vdic_dut_2023_tb.sv [compile index 2]
*** Error: UNDECLARED_IDENTIFIER: Identifier 'op_set' is not declared
    at line 73 in /home/student/afudali/Desktop/VDIC/lab02/tb/vdic_dut_2023_tb.sv [compile index 2]
*** Error: UNDECLARED_IDENTIFIER: Identifier 'rst_op' is not declared
    at line 74 in /home/student/afudali/Desktop/VDIC/lab02/tb/vdic_dut_2023_tb.sv [compile index 2]
*** Error: UNDECLARED_IDENTIFIER: Identifier 'no_op' is not declared
    at line 74 in /home/student/afudali/Desktop/VDIC/lab02/tb/vdic_dut_2023_tb.sv [compile index 2]
*** Error: UNDECLARED_IDENTIFIER: Identifier 'A' is not declared
    at line 77 in /home/student/afudali/Desktop/VDIC/lab02/tb/vdic_dut_2023_tb.sv [compile index 2]
*** Error: UNDECLARED_IDENTIFIER: Identifier 'B' is not declared
    at line 83 in /home/student/afudali/Desktop/VDIC/lab02/tb/vdic_dut_2023_tb.sv [compile index 2]
*** Error: UNDECLARED_IDENTIFIER: Identifier 'add_op' is not declared
    at line 93 in /home/student/afudali/Desktop/VDIC/lab02/tb/vdic_dut_2023_tb.sv [compile index 2]
*** Error: UNDECLARED_IDENTIFIER: Identifier 'and_op' is not declared
    at line 96 in /home/student/afudali/Desktop/VDIC/lab02/tb/vdic_dut_2023_tb.sv [compile index 2]
*** Error: UNDECLARED_IDENTIFIER: Identifier 'xor_op' is not declared
    at line 99 in /home/student/afudali/Desktop/VDIC/lab02/tb/vdic_dut_2023_tb.sv [compile index 2]
*** Error: UNDECLARED_IDENTIFIER: Identifier 'mul_op' is not declared
    at line 102 in /home/student/afudali/Desktop/VDIC/lab02/tb/vdic_dut_2023_tb.sv [compile index 2]
*** Error: UNDECLARED_IDENTIFIER: Identifier 'add_op' is not declared
    at line 107 in /home/student/afudali/Desktop/VDIC/lab02/tb/vdic_dut_2023_tb.sv [compile index 2]
*** Error: UNDECLARED_IDENTIFIER: Identifier 'and_op' is not declared
    at line 110 in /home/student/afudali/Desktop/VDIC/lab02/tb/vdic_dut_2023_tb.sv [compile index 2]
*** Error: UNDECLARED_IDENTIFIER: Identifier 'xor_op' is not declared
    at line 113 in /home/student/afudali/Desktop/VDIC/lab02/tb/vdic_dut_2023_tb.sv [compile index 2]
*** Error: UNDECLARED_IDENTIFIER: Identifier 'mul_op' is not declared
    at line 116 in /home/student/afudali/Desktop/VDIC/lab02/tb/vdic_dut_2023_tb.sv [compile index 2]
*** Error: UNDECLARED_IDENTIFIER: Identifier 'mul_op' is not declared
    at line 119 in /home/student/afudali/Desktop/VDIC/lab02/tb/vdic_dut_2023_tb.sv [compile index 2]
*** Error: ILLEGAL_EXPRESSION: Task 'reset_mult' cannot be used as an expression
    at line 136 in /home/student/afudali/Desktop/VDIC/lab02/tb/vdic_dut_2023_tb.sv [compile index 2]
*** Error: UNDECLARED_IDENTIFIER: Identifier 'arg_A' is not declared
    at line 404 in /home/student/afudali/Desktop/VDIC/lab02/tb/vdic_dut_2023_tb.sv [compile index 2]
*** Error: UNDECLARED_IDENTIFIER: Identifier 'arg_B' is not declared
    at line 404 in /home/student/afudali/Desktop/VDIC/lab02/tb/vdic_dut_2023_tb.sv [compile index 2]
*** Warning: ASSIGNMENT_BLOCKING: Blocking assignment of 'start_prev' in sequential logic (use non-blocking assignment)
    at line 406 in /home/student/afudali/Desktop/VDIC/lab02/tb/vdic_dut_2023_tb.sv [compile index 2]
*** Warning: ASSIGNMENT_BLOCKING: Blocking assignment of 'test_result' in sequential logic (use non-blocking assignment)
    at line 421 in /home/student/afudali/Desktop/VDIC/lab02/tb/vdic_dut_2023_tb.sv [compile index 2]
Performing mixed post full build step (VLOG - RD) [0 ms] ...
Performing mixed post full build step (VLOG - FSC) [52 ms] ...
Performing mixed post full build step (VLOG - EV) [74 ms] ...
Performing mixed post full build step (VLOG - ELPC) [0 ms] ...
Performing mixed post full build step (VLOG - US) [57 ms] ...
Waive [WARNING/DISABLED on project VDIC : SVSM SVSMW : SIGNAL_NEVER_USED: Signal 'clk' is never used in file /home/student/afudali/Desktop/VDIC/common/vdic_dut_2023.svp at line 51] by [Waiver 'SIGNAL_NEVER_USED' to 'DISABLED']
Waive [WARNING/DISABLED on project VDIC : SVSM SVSMW : SIGNAL_NEVER_USED: Signal 'rst_n' is never used in file /home/student/afudali/Desktop/VDIC/common/vdic_dut_2023.svp at line 52] by [Waiver 'SIGNAL_NEVER_USED' to 'DISABLED']
Waive [WARNING/DISABLED on project VDIC : SVSM SVSMW : SIGNAL_NEVER_USED: Signal 'arg_a' is never used in file /home/student/afudali/Desktop/VDIC/common/vdic_dut_2023.svp at line 53] by [Waiver 'SIGNAL_NEVER_USED' to 'DISABLED']
Waive [WARNING/DISABLED on project VDIC : SVSM SVSMW : SIGNAL_NEVER_USED: Signal 'arg_a_parity' is never used in file /home/student/afudali/Desktop/VDIC/common/vdic_dut_2023.svp at line 54] by [Waiver 'SIGNAL_NEVER_USED' to 'DISABLED']
Waive [WARNING/DISABLED on project VDIC : SVSM SVSMW : SIGNAL_NEVER_USED: Signal 'arg_b' is never used in file /home/student/afudali/Desktop/VDIC/common/vdic_dut_2023.svp at line 55] by [Waiver 'SIGNAL_NEVER_USED' to 'DISABLED']
Waive [WARNING/DISABLED on project VDIC : SVSM SVSMW : SIGNAL_NEVER_USED: Signal 'arg_b_parity' is never used in file /home/student/afudali/Desktop/VDIC/common/vdic_dut_2023.svp at line 56] by [Waiver 'SIGNAL_NEVER_USED' to 'DISABLED']
Waive [WARNING/DISABLED on project VDIC : SVSM SVSMW : SIGNAL_NEVER_USED: Signal 'req' is never used in file /home/student/afudali/Desktop/VDIC/common/vdic_dut_2023.svp at line 57] by [Waiver 'SIGNAL_NEVER_USED' to 'DISABLED']
Waive [WARNING/DISABLED on project VDIC : SVSM SVSMW : SIGNAL_NEVER_USED: Signal 'ack' is never used in file /home/student/afudali/Desktop/VDIC/common/vdic_dut_2023.svp at line 58] by [Waiver 'SIGNAL_NEVER_USED' to 'DISABLED']
Waive [WARNING/DISABLED on project VDIC : SVSM SVSMW : SIGNAL_NEVER_USED: Signal 'result' is never used in file /home/student/afudali/Desktop/VDIC/common/vdic_dut_2023.svp at line 59] by [Waiver 'SIGNAL_NEVER_USED' to 'DISABLED']
Waive [WARNING/DISABLED on project VDIC : SVSM SVSMW : SIGNAL_NEVER_USED: Signal 'result_parity' is never used in file /home/student/afudali/Desktop/VDIC/common/vdic_dut_2023.svp at line 60] by [Waiver 'SIGNAL_NEVER_USED' to 'DISABLED']
Waive [WARNING/DISABLED on project VDIC : SVSM SVSMW : SIGNAL_NEVER_USED: Signal 'result_rdy' is never used in file /home/student/afudali/Desktop/VDIC/common/vdic_dut_2023.svp at line 61] by [Waiver 'SIGNAL_NEVER_USED' to 'DISABLED']
Waive [WARNING/DISABLED on project VDIC : SVSM SVSMW : SIGNAL_NEVER_USED: Signal 'arg_parity_error' is never used in file /home/student/afudali/Desktop/VDIC/common/vdic_dut_2023.svp at line 62] by [Waiver 'SIGNAL_NEVER_USED' to 'DISABLED']
*** Warning: INTERNAL_GENERATED_CLOCK: Clock signal 'clk' is not an input port
    at line 402 in /home/student/afudali/Desktop/VDIC/lab02/tb/vdic_dut_2023_tb.sv [compile index 2]
*** Warning: INTERNAL_GENERATED_CLOCK: Clock signal 'clk' is not an input port
    at line 409 in /home/student/afudali/Desktop/VDIC/lab02/tb/vdic_dut_2023_tb.sv [compile index 2]
*** Done mixed mode extension build [564 ms] ***
*** Start adding/validating the DVT Auto-Linked resources ***
*** Done adding/validating the DVT Auto-Linked resources [4 ms] ***
*** Total build time [670 ms] ***
Waiver 'Disable by message' defined in '/home/student/afudali/Desktop/VDIC/.dvt/waivers.xml' at line 4 applied to 0 problems
Waiver 'Demote by path' defined in '/home/student/afudali/Desktop/VDIC/.dvt/waivers.xml' at line 8 applied to 0 problems
Waiver 'Promote by path OR message' defined in '/home/student/afudali/Desktop/VDIC/.dvt/waivers.xml' at line 12 applied to 0 problems
Waiver 'Disable by path AND message' defined in '/home/student/afudali/Desktop/VDIC/.dvt/waivers.xml' at line 17 applied to 0 problems
Waiver 'SIGNAL_NEVER_USED' defined in '/home/student/afudali/Desktop/VDIC/.dvt/waivers.xml' at line 21 applied to 12 problems
There are 12 waived problems. Check the build log file for details:
/home/student/afudali/Desktop/VDIC/dvt_build.log
