TOOL:	xrun	21.03-s009: Started on Nov 16, 2023 at 08:32:54 CET
xrun
	-compile
	-l xrun_compile.log
	-F ../tb/tb.f
		mult_pkg.sv
		mult_bfm.sv
		../../common/vdic_dut_2023.svp
		top.sv
		+incdir+tb_classes
		+incdir+.
		+nowarn+DSEMEL
	-v93
	+nowarnDSEM2009
	+nowarnDSEMEL
	+nowarnCGDEFN
	+nowarnCOVUTA
	+nowarnBADPRF
	+nowarnXCLGNOPTM
	+nowarnRNDXCELON
	+nowarnSAWSTP
	-xmlibdirname INCA_libs
	+overwrite
	-nocopyright
	-coverage all
	-covoverwrite
	-covfile xrun_covfile.txt
file: ../tb/mult_pkg.sv
	package worklib.mult_pkg:sv
		errors: 0, warnings: 0
file: ../tb/mult_bfm.sv
	interface worklib.mult_bfm:sv
		errors: 0, warnings: 0
file: ../tb/../../common/vdic_dut_2023.svp
	module worklib.vdic_dut_2023:svp
		errors: 0, warnings: 0
file: ../tb/top.sv
	module worklib.top:sv
		errors: 0, warnings: 0
xmvlog: *W,SPDUSD: Include directory ../tb/. given but not used.
	Total errors/warnings found outside modules and primitives:
		errors: 0, warnings: 1
TOOL:	xrun	21.03-s009: Exiting on Nov 16, 2023 at 08:32:54 CET  (total: 00:00:00)
