TOOL:	xrun	21.03-s009: Started on Nov 14, 2023 at 19:49:10 CET
xrun
	-elaborate
	-l xrun_elaborate.log
	-F ../tb/tb.f
		../../common/vdic_dut_2023.svp
		top.sv
		tpgen.sv
		mult_bfm.sv
		coverage.sv
		scoreboard.sv
	-v93
	+nowarnDSEM2009
	+nowarnDSEMEL
	+nowarnCGDEFN
	+nowarnCOVUTA
	+nowarnBADPRF
	+nowarnXCLGNOPTM
	+nowarnRNDXCELON
	+nowarnSAWSTP
	-xmlibdirname INCA_libs
	+overwrite
	-nocopyright
	-coverage all
	-covoverwrite
	-covfile xrun_covfile.txt
		Caching library 'worklib' ....... Done
	Elaborating the design hierarchy:
	Top level design units:
		top

	Extracting FSMs for coverage:
		worklib.tpgen
		worklib.coverage
		worklib.scoreboard
		worklib.top
	Total FSMs extracted = 0
	Building instance overlay tables: .................... Done
	Enabling instrumentation for coverage types: block expression FSM toggle functional
	Generating native compiled code:
		worklib.vdic_dut_2023:svp <0x1e06991a>
			streams:  25, words: 13928
		worklib.scoreboard:sv <0x54e87b24>
			streams:   9, words: 24537
		worklib.coverage:sv <0x0654c73a>
			streams:   3, words:  6201
		worklib.tpgen:sv <0x1959618a>
			streams:   3, words: 11440
		worklib.top:sv <0x08b43220>
			streams:  12, words:  2943
		worklib.mult_bfm:sv <0x711b7715>
			streams:   4, words:  6364
	Building instance specific data structures.
	Performing constant object marking (COM) analysis.
	Loading native compiled code:     .................... Done
	Design hierarchy summary:
		                Instances  Unique
		Modules:                5       5
		Interfaces:             1       1
		Registers:             81      81
		Scalar wires:          17       -
		Vectored wires:        10       -
		Always blocks:          3       3
		Initial blocks:         4       4
		Final blocks:           1       1
		Cont. assignments:      8      10
		Pseudo assignments:    12      12
		Assertions:             3       3
		Covergroup Instances:   0       1
	Writing initial simulation snapshot: worklib.top:sv
TOOL:	xrun	21.03-s009: Exiting on Nov 14, 2023 at 19:49:11 CET  (total: 00:00:01)
