TOOL:	xrun	21.03-s009: Started on Oct 23, 2023 at 19:45:22 CEST
xrun
	-elaborate
	-l xrun_elaborate.log
	-F ../tb/tb.f
		-F ../tb/../../common/tinyalu/tinyalu.f
			single_cycle.sv
			three_cycle.sv
			tinyalu.sv
			../vdic_dut_2023.svp
		tinyalu_tb.sv
	-v93
	+nowarnDSEM2009
	+nowarnDSEMEL
	+nowarnCGDEFN
	+nowarnCOVUTA
	+nowarnBADPRF
	+nowarnXCLGNOPTM
	+nowarnRNDXCELON
	+nowarnSAWSTP
	-xmlibdirname INCA_libs
	+overwrite
	-nocopyright
	-coverage all
	-covoverwrite
	-covfile xrun_covfile.txt
DEFINE basic $CDSHOME/tools/dfII/etc/cdslib/basic
|
xrun: *W,DLCVAR (/cad/dk/PDK_CRN45GS_DGO_11_25/RF/cds.lib,1): cds.lib Invalid environment variable ''.
DEFINE analogLib $CDSHOME/tools/dfII/etc/cdslib/artist/analogLib
|
xrun: *W,DLCVAR (/cad/dk/PDK_CRN45GS_DGO_11_25/RF/cds.lib,2): cds.lib Invalid environment variable ''.
DEFINE ahdlLib $CDSHOME/tools/dfII/samples/artist/ahdlLib
|
xrun: *W,DLCVAR (/cad/dk/PDK_CRN45GS_DGO_11_25/RF/cds.lib,3): cds.lib Invalid environment variable ''.
DEFINE bmslib $CDSHOME/tools/dfII/samples/artist/bmslib
|
xrun: *W,DLCVAR (/cad/dk/PDK_CRN45GS_DGO_11_25/RF/cds.lib,4): cds.lib Invalid environment variable ''.
DEFINE sample $CDSHOME/tools/dfII/samples/cdslib/sample
|
xrun: *W,DLCVAR (/cad/dk/PDK_CRN45GS_DGO_11_25/RF/cds.lib,5): cds.lib Invalid environment variable ''.
DEFINE connectLib $IUSHOME/tools/affirma_ams/etc/connect_lib/connectLib
|
xrun: *W,DLCVAR (/cad/dk/PDK_CRN45GS_DGO_11_25/RF/cds.lib,6): cds.lib Invalid environment variable ''.
DEFINE basic $CDSHOME/tools/dfII/etc/cdslib/basic
|
xrun: *W,DLCVAR (/cad/dk/PDK_CRN45GS_DGO_11_25/RF/cds.lib,1): cds.lib Invalid environment variable ''.
DEFINE analogLib $CDSHOME/tools/dfII/etc/cdslib/artist/analogLib
|
xrun: *W,DLCVAR (/cad/dk/PDK_CRN45GS_DGO_11_25/RF/cds.lib,2): cds.lib Invalid environment variable ''.
DEFINE ahdlLib $CDSHOME/tools/dfII/samples/artist/ahdlLib
|
xrun: *W,DLCVAR (/cad/dk/PDK_CRN45GS_DGO_11_25/RF/cds.lib,3): cds.lib Invalid environment variable ''.
DEFINE bmslib $CDSHOME/tools/dfII/samples/artist/bmslib
|
xrun: *W,DLCVAR (/cad/dk/PDK_CRN45GS_DGO_11_25/RF/cds.lib,4): cds.lib Invalid environment variable ''.
DEFINE sample $CDSHOME/tools/dfII/samples/cdslib/sample
|
xrun: *W,DLCVAR (/cad/dk/PDK_CRN45GS_DGO_11_25/RF/cds.lib,5): cds.lib Invalid environment variable ''.
DEFINE connectLib $IUSHOME/tools/affirma_ams/etc/connect_lib/connectLib
|
xrun: *W,DLCVAR (/cad/dk/PDK_CRN45GS_DGO_11_25/RF/cds.lib,6): cds.lib Invalid environment variable ''.
DEFINE basic $CDSHOME/tools/dfII/etc/cdslib/basic
|
xrun: *W,DLCVAR (/cad/dk/PDK_CRN45GS_DGO_11_25/RF/cds.lib,1): cds.lib Invalid environment variable ''.
DEFINE analogLib $CDSHOME/tools/dfII/etc/cdslib/artist/analogLib
|
xrun: *W,DLCVAR (/cad/dk/PDK_CRN45GS_DGO_11_25/RF/cds.lib,2): cds.lib Invalid environment variable ''.
DEFINE ahdlLib $CDSHOME/tools/dfII/samples/artist/ahdlLib
|
xrun: *W,DLCVAR (/cad/dk/PDK_CRN45GS_DGO_11_25/RF/cds.lib,3): cds.lib Invalid environment variable ''.
DEFINE bmslib $CDSHOME/tools/dfII/samples/artist/bmslib
|
xrun: *W,DLCVAR (/cad/dk/PDK_CRN45GS_DGO_11_25/RF/cds.lib,4): cds.lib Invalid environment variable ''.
DEFINE sample $CDSHOME/tools/dfII/samples/cdslib/sample
|
xrun: *W,DLCVAR (/cad/dk/PDK_CRN45GS_DGO_11_25/RF/cds.lib,5): cds.lib Invalid environment variable ''.
DEFINE connectLib $IUSHOME/tools/affirma_ams/etc/connect_lib/connectLib
|
xrun: *W,DLCVAR (/cad/dk/PDK_CRN45GS_DGO_11_25/RF/cds.lib,6): cds.lib Invalid environment variable ''.
DEFINE basic $CDSHOME/tools/dfII/etc/cdslib/basic
|
xrun: *W,DLCVAR (/cad/dk/PDK_CRN45GS_DGO_11_25/RF/cds.lib,1): cds.lib Invalid environment variable ''.
DEFINE analogLib $CDSHOME/tools/dfII/etc/cdslib/artist/analogLib
|
xrun: *W,DLCVAR (/cad/dk/PDK_CRN45GS_DGO_11_25/RF/cds.lib,2): cds.lib Invalid environment variable ''.
DEFINE ahdlLib $CDSHOME/tools/dfII/samples/artist/ahdlLib
|
xrun: *W,DLCVAR (/cad/dk/PDK_CRN45GS_DGO_11_25/RF/cds.lib,3): cds.lib Invalid environment variable ''.
DEFINE bmslib $CDSHOME/tools/dfII/samples/artist/bmslib
|
xrun: *W,DLCVAR (/cad/dk/PDK_CRN45GS_DGO_11_25/RF/cds.lib,4): cds.lib Invalid environment variable ''.
DEFINE sample $CDSHOME/tools/dfII/samples/cdslib/sample
|
xrun: *W,DLCVAR (/cad/dk/PDK_CRN45GS_DGO_11_25/RF/cds.lib,5): cds.lib Invalid environment variable ''.
DEFINE connectLib $IUSHOME/tools/affirma_ams/etc/connect_lib/connectLib
|
xrun: *W,DLCVAR (/cad/dk/PDK_CRN45GS_DGO_11_25/RF/cds.lib,6): cds.lib Invalid environment variable ''.
DEFINE basic $CDSHOME/tools/dfII/etc/cdslib/basic
|
xrun: *W,DLCVAR (/cad/dk/PDK_CRN45GS_DGO_11_25/RF/cds.lib,1): cds.lib Invalid environment variable ''.
DEFINE analogLib $CDSHOME/tools/dfII/etc/cdslib/artist/analogLib
|
xrun: *W,DLCVAR (/cad/dk/PDK_CRN45GS_DGO_11_25/RF/cds.lib,2): cds.lib Invalid environment variable ''.
DEFINE ahdlLib $CDSHOME/tools/dfII/samples/artist/ahdlLib
|
xrun: *W,DLCVAR (/cad/dk/PDK_CRN45GS_DGO_11_25/RF/cds.lib,3): cds.lib Invalid environment variable ''.
DEFINE bmslib $CDSHOME/tools/dfII/samples/artist/bmslib
|
xrun: *W,DLCVAR (/cad/dk/PDK_CRN45GS_DGO_11_25/RF/cds.lib,4): cds.lib Invalid environment variable ''.
DEFINE sample $CDSHOME/tools/dfII/samples/cdslib/sample
|
xrun: *W,DLCVAR (/cad/dk/PDK_CRN45GS_DGO_11_25/RF/cds.lib,5): cds.lib Invalid environment variable ''.
DEFINE connectLib $IUSHOME/tools/affirma_ams/etc/connect_lib/connectLib
|
xrun: *W,DLCVAR (/cad/dk/PDK_CRN45GS_DGO_11_25/RF/cds.lib,6): cds.lib Invalid environment variable ''.
DEFINE basic $CDSHOME/tools/dfII/etc/cdslib/basic
|
xrun: *W,DLCVAR (/cad/dk/PDK_CRN45GS_DGO_11_25/RF/cds.lib,1): cds.lib Invalid environment variable ''.
DEFINE analogLib $CDSHOME/tools/dfII/etc/cdslib/artist/analogLib
|
xrun: *W,DLCVAR (/cad/dk/PDK_CRN45GS_DGO_11_25/RF/cds.lib,2): cds.lib Invalid environment variable ''.
DEFINE ahdlLib $CDSHOME/tools/dfII/samples/artist/ahdlLib
|
xrun: *W,DLCVAR (/cad/dk/PDK_CRN45GS_DGO_11_25/RF/cds.lib,3): cds.lib Invalid environment variable ''.
DEFINE bmslib $CDSHOME/tools/dfII/samples/artist/bmslib
|
xrun: *W,DLCVAR (/cad/dk/PDK_CRN45GS_DGO_11_25/RF/cds.lib,4): cds.lib Invalid environment variable ''.
DEFINE sample $CDSHOME/tools/dfII/samples/cdslib/sample
|
xrun: *W,DLCVAR (/cad/dk/PDK_CRN45GS_DGO_11_25/RF/cds.lib,5): cds.lib Invalid environment variable ''.
DEFINE connectLib $IUSHOME/tools/affirma_ams/etc/connect_lib/connectLib
|
xrun: *W,DLCVAR (/cad/dk/PDK_CRN45GS_DGO_11_25/RF/cds.lib,6): cds.lib Invalid environment variable ''.
DEFINE basic $CDSHOME/tools/dfII/etc/cdslib/basic
|
xrun: *W,DLCVAR (/cad/dk/PDK_CRN45GS_DGO_11_25/RF/cds.lib,1): cds.lib Invalid environment variable ''.
DEFINE analogLib $CDSHOME/tools/dfII/etc/cdslib/artist/analogLib
|
xrun: *W,DLCVAR (/cad/dk/PDK_CRN45GS_DGO_11_25/RF/cds.lib,2): cds.lib Invalid environment variable ''.
DEFINE ahdlLib $CDSHOME/tools/dfII/samples/artist/ahdlLib
|
xrun: *W,DLCVAR (/cad/dk/PDK_CRN45GS_DGO_11_25/RF/cds.lib,3): cds.lib Invalid environment variable ''.
DEFINE bmslib $CDSHOME/tools/dfII/samples/artist/bmslib
|
xrun: *W,DLCVAR (/cad/dk/PDK_CRN45GS_DGO_11_25/RF/cds.lib,4): cds.lib Invalid environment variable ''.
DEFINE sample $CDSHOME/tools/dfII/samples/cdslib/sample
|
xrun: *W,DLCVAR (/cad/dk/PDK_CRN45GS_DGO_11_25/RF/cds.lib,5): cds.lib Invalid environment variable ''.
DEFINE connectLib $IUSHOME/tools/affirma_ams/etc/connect_lib/connectLib
|
xrun: *W,DLCVAR (/cad/dk/PDK_CRN45GS_DGO_11_25/RF/cds.lib,6): cds.lib Invalid environment variable ''.
DEFINE basic $CDSHOME/tools/dfII/etc/cdslib/basic
|
xrun: *W,DLCVAR (/cad/dk/PDK_CRN45GS_DGO_11_25/RF/cds.lib,1): cds.lib Invalid environment variable ''.
DEFINE analogLib $CDSHOME/tools/dfII/etc/cdslib/artist/analogLib
|
xrun: *W,DLCVAR (/cad/dk/PDK_CRN45GS_DGO_11_25/RF/cds.lib,2): cds.lib Invalid environment variable ''.
DEFINE ahdlLib $CDSHOME/tools/dfII/samples/artist/ahdlLib
|
xrun: *W,DLCVAR (/cad/dk/PDK_CRN45GS_DGO_11_25/RF/cds.lib,3): cds.lib Invalid environment variable ''.
DEFINE bmslib $CDSHOME/tools/dfII/samples/artist/bmslib
|
xrun: *W,DLCVAR (/cad/dk/PDK_CRN45GS_DGO_11_25/RF/cds.lib,4): cds.lib Invalid environment variable ''.
DEFINE sample $CDSHOME/tools/dfII/samples/cdslib/sample
|
xrun: *W,DLCVAR (/cad/dk/PDK_CRN45GS_DGO_11_25/RF/cds.lib,5): cds.lib Invalid environment variable ''.
DEFINE connectLib $IUSHOME/tools/affirma_ams/etc/connect_lib/connectLib
|
xrun: *W,DLCVAR (/cad/dk/PDK_CRN45GS_DGO_11_25/RF/cds.lib,6): cds.lib Invalid environment variable ''.
DEFINE basic $CDSHOME/tools/dfII/etc/cdslib/basic
|
xrun: *W,DLCVAR (/cad/dk/PDK_CRN45GS_DGO_11_25/RF/cds.lib,1): cds.lib Invalid environment variable ''.
DEFINE analogLib $CDSHOME/tools/dfII/etc/cdslib/artist/analogLib
|
xrun: *W,DLCVAR (/cad/dk/PDK_CRN45GS_DGO_11_25/RF/cds.lib,2): cds.lib Invalid environment variable ''.
DEFINE ahdlLib $CDSHOME/tools/dfII/samples/artist/ahdlLib
|
xrun: *W,DLCVAR (/cad/dk/PDK_CRN45GS_DGO_11_25/RF/cds.lib,3): cds.lib Invalid environment variable ''.
DEFINE bmslib $CDSHOME/tools/dfII/samples/artist/bmslib
|
xrun: *W,DLCVAR (/cad/dk/PDK_CRN45GS_DGO_11_25/RF/cds.lib,4): cds.lib Invalid environment variable ''.
DEFINE sample $CDSHOME/tools/dfII/samples/cdslib/sample
|
xrun: *W,DLCVAR (/cad/dk/PDK_CRN45GS_DGO_11_25/RF/cds.lib,5): cds.lib Invalid environment variable ''.
DEFINE connectLib $IUSHOME/tools/affirma_ams/etc/connect_lib/connectLib
|
xrun: *W,DLCVAR (/cad/dk/PDK_CRN45GS_DGO_11_25/RF/cds.lib,6): cds.lib Invalid environment variable ''.
DEFINE basic $CDSHOME/tools/dfII/etc/cdslib/basic
|
xmelab: *W,DLCVAR (/cad/dk/PDK_CRN45GS_DGO_11_25/RF/cds.lib,1): cds.lib Invalid environment variable ''.
DEFINE analogLib $CDSHOME/tools/dfII/etc/cdslib/artist/analogLib
|
xmelab: *W,DLCVAR (/cad/dk/PDK_CRN45GS_DGO_11_25/RF/cds.lib,2): cds.lib Invalid environment variable ''.
DEFINE ahdlLib $CDSHOME/tools/dfII/samples/artist/ahdlLib
|
xmelab: *W,DLCVAR (/cad/dk/PDK_CRN45GS_DGO_11_25/RF/cds.lib,3): cds.lib Invalid environment variable ''.
DEFINE bmslib $CDSHOME/tools/dfII/samples/artist/bmslib
|
xmelab: *W,DLCVAR (/cad/dk/PDK_CRN45GS_DGO_11_25/RF/cds.lib,4): cds.lib Invalid environment variable ''.
DEFINE sample $CDSHOME/tools/dfII/samples/cdslib/sample
|
xmelab: *W,DLCVAR (/cad/dk/PDK_CRN45GS_DGO_11_25/RF/cds.lib,5): cds.lib Invalid environment variable ''.
DEFINE connectLib $IUSHOME/tools/affirma_ams/etc/connect_lib/connectLib
|
xmelab: *W,DLCVAR (/cad/dk/PDK_CRN45GS_DGO_11_25/RF/cds.lib,6): cds.lib Invalid environment variable ''.
		Caching library 'worklib' ....... Done
	Elaborating the design hierarchy:
	Top level design units:
		vdic_dut_2023
		top

	Extracting FSMs for coverage:
		worklib.single_cycle
		worklib.three_cycle
		worklib.tinyalu
		worklib.top
	Total FSMs extracted = 0
	Building instance overlay tables: .................... Done
	Enabling instrumentation for coverage types: block expression FSM toggle functional
	Generating native compiled code:
DEFINE basic $CDSHOME/tools/dfII/etc/cdslib/basic
|
xmvlog_cg: *W,DLCVAR (/cad/dk/PDK_CRN45GS_DGO_11_25/RF/cds.lib,1): cds.lib Invalid environment variable ''.
DEFINE analogLib $CDSHOME/tools/dfII/etc/cdslib/artist/analogLib
|
xmvlog_cg: *W,DLCVAR (/cad/dk/PDK_CRN45GS_DGO_11_25/RF/cds.lib,2): cds.lib Invalid environment variable ''.
DEFINE ahdlLib $CDSHOME/tools/dfII/samples/artist/ahdlLib
|
xmvlog_cg: *W,DLCVAR (/cad/dk/PDK_CRN45GS_DGO_11_25/RF/cds.lib,3): cds.lib Invalid environment variable ''.
DEFINE bmslib $CDSHOME/tools/dfII/samples/artist/bmslib
|
xmvlog_cg: *W,DLCVAR (/cad/dk/PDK_CRN45GS_DGO_11_25/RF/cds.lib,4): cds.lib Invalid environment variable ''.
DEFINE sample $CDSHOME/tools/dfII/samples/cdslib/sample
|
xmvlog_cg: *W,DLCVAR (/cad/dk/PDK_CRN45GS_DGO_11_25/RF/cds.lib,5): cds.lib Invalid environment variable ''.
DEFINE connectLib $IUSHOME/tools/affirma_ams/etc/connect_lib/connectLib
|
xmvlog_cg: *W,DLCVAR (/cad/dk/PDK_CRN45GS_DGO_11_25/RF/cds.lib,6): cds.lib Invalid environment variable ''.
		worklib.three_cycle:sv <0x33cc32d2>
			streams:   3, words:  3846
		worklib.single_cycle:sv <0x4049ffa8>
			streams:   3, words:  2944
		worklib.tinyalu:sv <0x28ed06de>
			streams:   3, words:  2601
		worklib.top:sv <0x1166c48d>
			streams:  21, words: 34848
		worklib.vdic_dut_2023:svp <0x231029c7>
			streams:  25, words: 12773
xmelab: *W,COVNOEN: By default, toggle coverage is not supported for systemverilog enumerated nets and variables inside structures. To enable toggle coverage of these objects, specify the 'set_toggle_scoring -sv_enum -sv_struct_with_enum' command in the coverage configuration file.
	Building instance specific data structures.
	Performing constant object marking (COM) analysis.
	Loading native compiled code:     .................... Done
	Design hierarchy summary:
		                Instances  Unique
		Modules:                5       5
		Registers:             58      58
		Scalar wires:          14       -
		Vectored wires:        15       -
		Always blocks:          6       6
		Initial blocks:         4       4
		Final blocks:           1       1
		Cont. assignments:     11      15
		Pseudo assignments:     3       3
		Assertions:             2       2
		Covergroup Instances:   0       2
	Writing initial simulation snapshot: worklib.vdic_dut_2023:svp
TOOL:	xrun	21.03-s009: Exiting on Oct 23, 2023 at 19:45:23 CEST  (total: 00:00:01)
