TOOL:	xrun	21.03-s009: Started on Oct 17, 2023 at 20:33:15 CEST
xrun
	-F ../tb/tb.f
		../../common/vdic_dut_2023.svp
		vdic_dut_2023_tb.sv
	-v93
	+nowarnDSEM2009
	+nowarnDSEMEL
	+nowarnCGDEFN
	+nowarnCOVUTA
	+nowarnBADPRF
	+nowarnXCLGNOPTM
	+nowarnRNDXCELON
	+nowarnSAWSTP
	-xmlibdirname INCA_libs_gui
	+access+r
	+gui
	+overwrite
	-nocopyright
	-coverage all
	-covoverwrite
	-covfile xrun_covfile.txt
	+UVM_TESTNAME=lab01
	-l xrun_gui.log
Compiling UVM packages (uvm_pkg.sv cdns_uvm_pkg.sv) using uvmhome location /eda/cadence/2021-22/RHELx86/XCELIUM_21.03.009/tools/methodology/UVM/CDNS-1.1d
		Caching library 'worklib' ....... Done
	Elaborating the design hierarchy:
	Top level design units:
		top

	Extracting FSMs for coverage:
		worklib.top
	Total FSMs extracted = 0
	Building instance overlay tables: .................... Done
	Enabling instrumentation for coverage types: block expression FSM toggle functional
	Building instance specific data structures.
	Performing constant object marking (COM) analysis.
	Loading native compiled code:     .................... Done
	Design hierarchy summary:
		              Instances  Unique
		Modules:              2       2
		Registers:           56      56
		Scalar wires:        17       -
		Vectored wires:      10       -
		Always blocks:        1       1
		Initial blocks:       4       4
		Final blocks:         1       1
		Cont. assignments:    8      10
		Pseudo assignments:  10      10
	Writing initial simulation snapshot: worklib.top:sv

-------------------------------------
Relinquished control to SimVision...
xcelium> 
xcelium> source /eda/cadence/2021-22/RHELx86/XCELIUM_21.03.009/tools/xcelium/files/xmsimrc
xcelium> source /eda/cadence/2021-22/RHELx86/XCELIUM_21.03.009/tools/methodology/UVM/CDNS-1.1d/additions/sv/files/tcl/uvm_sim.tcl
xcelium> database -open waves -into waves.shm -default
Created default SHM database waves
xcelium> probe -create -shm top.DUT.ack top.DUT.arg_a top.DUT.arg_a_parity top.DUT.arg_b top.DUT.arg_b_parity top.DUT.arg_parity_error top.DUT.clk top.DUT.req top.DUT.result top.DUT.result_parity top.DUT.result_rdy top.DUT.rst_n
Created probe 1
xcelium> run
PARITY ERROR FLAG test PASSED
PARITY ERROR FLAG test PASSED
PARITY ERROR FLAG test PASSED
PARITY ERROR FLAG test PASSED
PARITY ERROR FLAG test PASSED
PARITY ERROR FLAG test PASSED
MUL test PASSED for arg_a=16022 arg_b=14349
PARITY test PASSED
MUL test PASSED for arg_a=18946 arg_b=-5859
PARITY test PASSED
PARITY ERROR FLAG test PASSED
PARITY ERROR FLAG test PASSED
PARITY ERROR FLAG test PASSED
PARITY ERROR FLAG test PASSED
PARITY ERROR FLAG test PASSED
PARITY ERROR FLAG test PASSED
PARITY ERROR FLAG test PASSED
PARITY ERROR FLAG test PASSED
PARITY ERROR FLAG test PASSED
MUL test PASSED for arg_a=126 arg_b=-6343
PARITY test PASSED
PARITY ERROR FLAG test PASSED
PARITY ERROR FLAG test PASSED
MUL test PASSED for arg_a=6003 arg_b=-22481
PARITY test PASSED
PARITY ERROR FLAG test PASSED
PARITY ERROR FLAG test PASSED
PARITY ERROR FLAG test PASSED
PARITY ERROR FLAG test PASSED
PARITY ERROR FLAG test PASSED
PARITY ERROR FLAG test PASSED
PARITY ERROR FLAG test PASSED
PARITY ERROR FLAG test PASSED
PARITY ERROR FLAG test PASSED
PARITY ERROR FLAG test PASSED
PARITY ERROR FLAG test PASSED
PARITY ERROR FLAG test PASSED
PARITY ERROR FLAG test PASSED
PARITY ERROR FLAG test PASSED
PARITY ERROR FLAG test PASSED
PARITY ERROR FLAG test PASSED
MUL test PASSED for arg_a=30145 arg_b=-19304
PARITY test PASSED
PARITY ERROR FLAG test PASSED
PARITY ERROR FLAG test PASSED
PARITY ERROR FLAG test PASSED
PARITY ERROR FLAG test PASSED
PARITY ERROR FLAG test PASSED
PARITY ERROR FLAG test PASSED
MUL test PASSED for arg_a=31145 arg_b=-22130
PARITY test PASSED
PARITY ERROR FLAG test PASSED
PARITY ERROR FLAG test PASSED
PARITY ERROR FLAG test PASSED
PARITY ERROR FLAG test PASSED
PARITY ERROR FLAG test PASSED
PARITY ERROR FLAG test PASSED
PARITY ERROR FLAG test PASSED
PARITY ERROR FLAG test PASSED
PARITY ERROR FLAG test PASSED
PARITY ERROR FLAG test PASSED
PARITY ERROR FLAG test PASSED
PARITY ERROR FLAG test PASSED
PARITY ERROR FLAG test PASSED
PARITY ERROR FLAG test PASSED
PARITY ERROR FLAG test PASSED
PARITY ERROR FLAG test PASSED
PARITY ERROR FLAG test PASSED
PARITY ERROR FLAG test PASSED
PARITY ERROR FLAG test PASSED
PARITY ERROR FLAG test PASSED
PARITY ERROR FLAG test PASSED
PARITY ERROR FLAG test PASSED
PARITY ERROR FLAG test PASSED
PARITY ERROR FLAG test PASSED
PARITY ERROR FLAG test PASSED
PARITY ERROR FLAG test PASSED
PARITY ERROR FLAG test PASSED
PARITY ERROR FLAG test PASSED
PARITY ERROR FLAG test PASSED
PARITY ERROR FLAG test PASSED
PARITY ERROR FLAG test PASSED
PARITY ERROR FLAG test PASSED
PARITY ERROR FLAG test PASSED
PARITY ERROR FLAG test PASSED
PARITY ERROR FLAG test PASSED
PARITY ERROR FLAG test PASSED
PARITY ERROR FLAG test PASSED
PARITY ERROR FLAG test PASSED
PARITY ERROR FLAG test PASSED
PARITY ERROR FLAG test PASSED
PARITY ERROR FLAG test PASSED
PARITY ERROR FLAG test PASSED
PARITY ERROR FLAG test PASSED
PARITY ERROR FLAG test PASSED
PARITY ERROR FLAG test PASSED
PARITY ERROR FLAG test PASSED
MUL test PASSED for arg_a=-8990 arg_b=-6487
PARITY test PASSED
MUL test PASSED for arg_a=32767 arg_b=3513
PARITY test PASSED
PARITY ERROR FLAG test PASSED
PARITY ERROR FLAG test PASSED
MUL test PASSED for arg_a=27629 arg_b=-13247
PARITY test PASSED
PARITY ERROR FLAG test PASSED
PARITY ERROR FLAG test PASSED
PARITY ERROR FLAG test PASSED
PARITY ERROR FLAG test PASSED
PARITY ERROR FLAG test PASSED
PARITY ERROR FLAG test PASSED
PARITY ERROR FLAG test PASSED
PARITY ERROR FLAG test PASSED
PARITY ERROR FLAG test PASSED
PARITY ERROR FLAG test PASSED
PARITY ERROR FLAG test PASSED
PARITY ERROR FLAG test PASSED
PARITY ERROR FLAG test PASSED
PARITY ERROR FLAG test PASSED
PARITY ERROR FLAG test PASSED
PARITY ERROR FLAG test PASSED
PARITY ERROR FLAG test PASSED
PARITY ERROR FLAG test PASSED
PARITY ERROR FLAG test PASSED
PARITY ERROR FLAG test PASSED
PARITY ERROR FLAG test PASSED
MUL test PASSED for arg_a=-28673 arg_b=22479
PARITY test PASSED
PARITY ERROR FLAG test PASSED
PARITY ERROR FLAG test PASSED
PARITY ERROR FLAG test PASSED
PARITY ERROR FLAG test PASSED
PARITY ERROR FLAG test PASSED
PARITY ERROR FLAG test PASSED
PARITY ERROR FLAG test PASSED
PARITY ERROR FLAG test PASSED
PARITY ERROR FLAG test PASSED
PARITY ERROR FLAG test PASSED
MUL test PASSED for arg_a=2547 arg_b=31851
PARITY test PASSED
MUL test PASSED for arg_a=1322 arg_b=9940
PARITY test PASSED
PARITY ERROR FLAG test PASSED
PARITY ERROR FLAG test PASSED
PARITY ERROR FLAG test PASSED
PARITY ERROR FLAG test PASSED
PARITY ERROR FLAG test PASSED
PARITY ERROR FLAG test PASSED
MUL test PASSED for arg_a=-23724 arg_b=-28673
PARITY test PASSED
MUL test PASSED for arg_a=-6436 arg_b=-28673
PARITY test PASSED
PARITY ERROR FLAG test PASSED
PARITY ERROR FLAG test PASSED
PARITY ERROR FLAG test PASSED
PARITY ERROR FLAG test PASSED
PARITY ERROR FLAG test PASSED
PARITY ERROR FLAG test PASSED
PARITY ERROR FLAG test PASSED
PARITY ERROR FLAG test PASSED
MUL test PASSED for arg_a=3937 arg_b=29525
PARITY test PASSED
PARITY ERROR FLAG test PASSED
PARITY ERROR FLAG test PASSED
PARITY ERROR FLAG test PASSED
PARITY ERROR FLAG test PASSED
PARITY ERROR FLAG test PASSED
PARITY ERROR FLAG test PASSED
PARITY ERROR FLAG test PASSED
PARITY ERROR FLAG test PASSED
PARITY ERROR FLAG test PASSED
PARITY ERROR FLAG test PASSED
PARITY ERROR FLAG test PASSED
PARITY ERROR FLAG test PASSED
PARITY ERROR FLAG test PASSED
PARITY ERROR FLAG test PASSED
PARITY ERROR FLAG test PASSED
PARITY ERROR FLAG test PASSED
PARITY ERROR FLAG test PASSED
PARITY ERROR FLAG test PASSED
PARITY ERROR FLAG test PASSED
PARITY ERROR FLAG test PASSED
PARITY ERROR FLAG test PASSED
PARITY ERROR FLAG test PASSED
PARITY ERROR FLAG test PASSED
PARITY ERROR FLAG test PASSED
PARITY ERROR FLAG test PASSED
PARITY ERROR FLAG test PASSED
PARITY ERROR FLAG test PASSED
PARITY ERROR FLAG test PASSED
PARITY ERROR FLAG test PASSED
PARITY ERROR FLAG test PASSED
PARITY ERROR FLAG test PASSED
PARITY ERROR FLAG test PASSED
PARITY ERROR FLAG test PASSED
PARITY ERROR FLAG test PASSED
PARITY ERROR FLAG test PASSED
PARITY ERROR FLAG test PASSED
PARITY ERROR FLAG test PASSED
PARITY ERROR FLAG test PASSED
PARITY ERROR FLAG test PASSED
PARITY ERROR FLAG test PASSED
MUL test PASSED for arg_a=-27937 arg_b=8536
PARITY test PASSED
PARITY ERROR FLAG test PASSED
PARITY ERROR FLAG test PASSED
PARITY ERROR FLAG test PASSED
PARITY ERROR FLAG test PASSED
PARITY ERROR FLAG test PASSED
PARITY ERROR FLAG test PASSED
PARITY ERROR FLAG test PASSED
PARITY ERROR FLAG test PASSED
PARITY ERROR FLAG test PASSED
PARITY ERROR FLAG test PASSED
MUL test PASSED for arg_a=-9167 arg_b=32767
PARITY test PASSED
PARITY ERROR FLAG test PASSED
PARITY ERROR FLAG test PASSED
PARITY ERROR FLAG test PASSED
PARITY ERROR FLAG test PASSED
PARITY ERROR FLAG test PASSED
PARITY ERROR FLAG test PASSED
PARITY ERROR FLAG test PASSED
PARITY ERROR FLAG test PASSED
PARITY ERROR FLAG test PASSED
PARITY ERROR FLAG test PASSED
PARITY ERROR FLAG test PASSED
PARITY ERROR FLAG test PASSED
PARITY ERROR FLAG test PASSED
PARITY ERROR FLAG test PASSED
PARITY ERROR FLAG test PASSED
PARITY ERROR FLAG test PASSED
PARITY ERROR FLAG test PASSED
PARITY ERROR FLAG test PASSED
PARITY ERROR FLAG test PASSED
PARITY ERROR FLAG test PASSED
PARITY ERROR FLAG test PASSED
PARITY ERROR FLAG test PASSED
PARITY ERROR FLAG test PASSED
PARITY ERROR FLAG test PASSED
PARITY ERROR FLAG test PASSED
PARITY ERROR FLAG test PASSED
PARITY ERROR FLAG test PASSED
PARITY ERROR FLAG test PASSED
PARITY ERROR FLAG test PASSED
PARITY ERROR FLAG test PASSED
MUL test PASSED for arg_a=-18595 arg_b=-17034
PARITY test PASSED
PARITY ERROR FLAG test PASSED
PARITY ERROR FLAG test PASSED
PARITY ERROR FLAG test PASSED
PARITY ERROR FLAG test PASSED
PARITY ERROR FLAG test PASSED
PARITY ERROR FLAG test PASSED
MUL test PASSED for arg_a=-32517 arg_b=21670
PARITY test PASSED
PARITY ERROR FLAG test PASSED
PARITY ERROR FLAG test PASSED
PARITY ERROR FLAG test PASSED
PARITY ERROR FLAG test PASSED
PARITY ERROR FLAG test PASSED
PARITY ERROR FLAG test PASSED
PARITY ERROR FLAG test PASSED
PARITY ERROR FLAG test PASSED
PARITY ERROR FLAG test PASSED
PARITY ERROR FLAG test PASSED
PARITY ERROR FLAG test PASSED
PARITY ERROR FLAG test PASSED
PARITY ERROR FLAG test PASSED
PARITY ERROR FLAG test PASSED
PARITY ERROR FLAG test PASSED
PARITY ERROR FLAG test PASSED
PARITY ERROR FLAG test PASSED
PARITY ERROR FLAG test PASSED
PARITY ERROR FLAG test PASSED
PARITY ERROR FLAG test PASSED
PARITY ERROR FLAG test PASSED
PARITY ERROR FLAG test PASSED
PARITY ERROR FLAG test PASSED
PARITY ERROR FLAG test PASSED
PARITY ERROR FLAG test PASSED
PARITY ERROR FLAG test PASSED
PARITY ERROR FLAG test PASSED
PARITY ERROR FLAG test PASSED
PARITY ERROR FLAG test PASSED
PARITY ERROR FLAG test PASSED
PARITY ERROR FLAG test PASSED
MUL test PASSED for arg_a=-25411 arg_b=-28673
PARITY test PASSED
MUL test PASSED for arg_a=-31850 arg_b=-23791
PARITY test PASSED
PARITY ERROR FLAG test PASSED
PARITY ERROR FLAG test PASSED
PARITY ERROR FLAG test PASSED
PARITY ERROR FLAG test PASSED
PARITY ERROR FLAG test PASSED
MUL test PASSED for arg_a=12006 arg_b=2309
PARITY test PASSED
PARITY ERROR FLAG test PASSED
MUL test PASSED for arg_a=26639 arg_b=-3632
PARITY test PASSED
PARITY ERROR FLAG test PASSED
PARITY ERROR FLAG test PASSED
PARITY ERROR FLAG test PASSED
PARITY ERROR FLAG test PASSED
MUL test PASSED for arg_a=17786 arg_b=32767
PARITY test PASSED
PARITY ERROR FLAG test PASSED
PARITY ERROR FLAG test PASSED
PARITY ERROR FLAG test PASSED
PARITY ERROR FLAG test PASSED
PARITY ERROR FLAG test PASSED
PARITY ERROR FLAG test PASSED
PARITY ERROR FLAG test PASSED
PARITY ERROR FLAG test PASSED
PARITY ERROR FLAG test PASSED
PARITY ERROR FLAG test PASSED
PARITY ERROR FLAG test PASSED
PARITY ERROR FLAG test PASSED
PARITY ERROR FLAG test PASSED
PARITY ERROR FLAG test PASSED
PARITY ERROR FLAG test PASSED
PARITY ERROR FLAG test PASSED
PARITY ERROR FLAG test PASSED
PARITY ERROR FLAG test PASSED
PARITY ERROR FLAG test PASSED
PARITY ERROR FLAG test PASSED
PARITY ERROR FLAG test PASSED
PARITY ERROR FLAG test PASSED
PARITY ERROR FLAG test PASSED
PARITY ERROR FLAG test PASSED
PARITY ERROR FLAG test PASSED
PARITY ERROR FLAG test PASSED
PARITY ERROR FLAG test PASSED
PARITY ERROR FLAG test PASSED
PARITY ERROR FLAG test PASSED
PARITY ERROR FLAG test PASSED
PARITY ERROR FLAG test PASSED
PARITY ERROR FLAG test PASSED
PARITY ERROR FLAG test PASSED
PARITY ERROR FLAG test PASSED
PARITY ERROR FLAG test PASSED
PARITY ERROR FLAG test PASSED
PARITY ERROR FLAG test PASSED
PARITY ERROR FLAG test PASSED
PARITY ERROR FLAG test PASSED
PARITY ERROR FLAG test PASSED
PARITY ERROR FLAG test PASSED
PARITY ERROR FLAG test PASSED
PARITY ERROR FLAG test PASSED
PARITY ERROR FLAG test PASSED
PARITY ERROR FLAG test PASSED
PARITY ERROR FLAG test PASSED
PARITY ERROR FLAG test PASSED
PARITY ERROR FLAG test PASSED
PARITY ERROR FLAG test PASSED
PARITY ERROR FLAG test PASSED
PARITY ERROR FLAG test PASSED
PARITY ERROR FLAG test PASSED
PARITY ERROR FLAG test PASSED
PARITY ERROR FLAG test PASSED
PARITY ERROR FLAG test PASSED
PARITY ERROR FLAG test PASSED
PARITY ERROR FLAG test PASSED
MUL test PASSED for arg_a=32767 arg_b=32767
PARITY test PASSED
PARITY ERROR FLAG test PASSED
PARITY ERROR FLAG test PASSED
PARITY ERROR FLAG test PASSED
MUL test PASSED for arg_a=-28673 arg_b=-28673
PARITY test PASSED
PARITY ERROR FLAG test PASSED
PARITY ERROR FLAG test PASSED
PARITY ERROR FLAG test PASSED
PARITY ERROR FLAG test PASSED
PARITY ERROR FLAG test PASSED
PARITY ERROR FLAG test PASSED
PARITY ERROR FLAG test PASSED
PARITY ERROR FLAG test PASSED
PARITY ERROR FLAG test PASSED
PARITY ERROR FLAG test PASSED
PARITY ERROR FLAG test PASSED
PARITY ERROR FLAG test PASSED
PARITY ERROR FLAG test PASSED
PARITY ERROR FLAG test PASSED
PARITY ERROR FLAG test PASSED
PARITY ERROR FLAG test PASSED
PARITY ERROR FLAG test PASSED
PARITY ERROR FLAG test PASSED
PARITY ERROR FLAG test PASSED
PARITY ERROR FLAG test PASSED
PARITY ERROR FLAG test PASSED
PARITY ERROR FLAG test PASSED
PARITY ERROR FLAG test PASSED
PARITY ERROR FLAG test PASSED
PARITY ERROR FLAG test PASSED
PARITY ERROR FLAG test PASSED
PARITY ERROR FLAG test PASSED
PARITY ERROR FLAG test PASSED
PARITY ERROR FLAG test PASSED
PARITY ERROR FLAG test PASSED
PARITY ERROR FLAG test PASSED
PARITY ERROR FLAG test PASSED
PARITY ERROR FLAG test PASSED
PARITY ERROR FLAG test PASSED
PARITY ERROR FLAG test PASSED
PARITY ERROR FLAG test PASSED
PARITY ERROR FLAG test PASSED
PARITY ERROR FLAG test PASSED
PARITY ERROR FLAG test PASSED
PARITY ERROR FLAG test PASSED
PARITY ERROR FLAG test PASSED
PARITY ERROR FLAG test PASSED
PARITY ERROR FLAG test PASSED
PARITY ERROR FLAG test PASSED
PARITY ERROR FLAG test PASSED
MUL test PASSED for arg_a=-31063 arg_b=32767
PARITY test PASSED
PARITY ERROR FLAG test PASSED
PARITY ERROR FLAG test PASSED
PARITY ERROR FLAG test PASSED
PARITY ERROR FLAG test PASSED
PARITY ERROR FLAG test PASSED
PARITY ERROR FLAG test PASSED
PARITY ERROR FLAG test PASSED
PARITY ERROR FLAG test PASSED
PARITY ERROR FLAG test PASSED
PARITY ERROR FLAG test PASSED
PARITY ERROR FLAG test PASSED
PARITY ERROR FLAG test PASSED
PARITY ERROR FLAG test PASSED
PARITY ERROR FLAG test PASSED
PARITY ERROR FLAG test PASSED
PARITY ERROR FLAG test PASSED
PARITY ERROR FLAG test PASSED
PARITY ERROR FLAG test PASSED
PARITY ERROR FLAG test PASSED
PARITY ERROR FLAG test PASSED
PARITY ERROR FLAG test PASSED
PARITY ERROR FLAG test PASSED
PARITY ERROR FLAG test PASSED
PARITY ERROR FLAG test PASSED
PARITY ERROR FLAG test PASSED
PARITY ERROR FLAG test PASSED
PARITY ERROR FLAG test PASSED
PARITY ERROR FLAG test PASSED
PARITY ERROR FLAG test PASSED
PARITY ERROR FLAG test PASSED
PARITY ERROR FLAG test PASSED
PARITY ERROR FLAG test PASSED
PARITY ERROR FLAG test PASSED
PARITY ERROR FLAG test PASSED
PARITY ERROR FLAG test PASSED
PARITY ERROR FLAG test PASSED
PARITY ERROR FLAG test PASSED
PARITY ERROR FLAG test PASSED
PARITY ERROR FLAG test PASSED
PARITY ERROR FLAG test PASSED
PARITY ERROR FLAG test PASSED
PARITY ERROR FLAG test PASSED
PARITY ERROR FLAG test PASSED
PARITY ERROR FLAG test PASSED
PARITY ERROR FLAG test PASSED
PARITY ERROR FLAG test PASSED
MUL test PASSED for arg_a=-28673 arg_b=-28673
PARITY test PASSED
PARITY ERROR FLAG test PASSED
PARITY ERROR FLAG test PASSED
MUL test PASSED for arg_a=-19009 arg_b=-2583
PARITY test PASSED
PARITY ERROR FLAG test PASSED
19990 Clock cycles elapsed: 1000
PARITY ERROR FLAG test PASSED
PARITY ERROR FLAG test PASSED
PARITY ERROR FLAG test PASSED
PARITY ERROR FLAG test PASSED
PARITY ERROR FLAG test PASSED
PARITY ERROR FLAG test PASSED
PARITY ERROR FLAG test PASSED
PARITY ERROR FLAG test PASSED
PARITY ERROR FLAG test PASSED
PARITY ERROR FLAG test PASSED
PARITY ERROR FLAG test PASSED
PARITY ERROR FLAG test PASSED
MUL test PASSED for arg_a=24718 arg_b=-17203
PARITY test PASSED
PARITY ERROR FLAG test PASSED
PARITY ERROR FLAG test PASSED
PARITY ERROR FLAG test PASSED
PARITY ERROR FLAG test PASSED
MUL test PASSED for arg_a=32767 arg_b=10053
PARITY test PASSED
PARITY ERROR FLAG test PASSED
PARITY ERROR FLAG test PASSED
PARITY ERROR FLAG test PASSED
PARITY ERROR FLAG test PASSED
PARITY ERROR FLAG test PASSED
PARITY ERROR FLAG test PASSED
MUL test PASSED for arg_a=32767 arg_b=-24566
PARITY test PASSED
PARITY ERROR FLAG test PASSED
PARITY ERROR FLAG test PASSED
PARITY ERROR FLAG test PASSED
PARITY ERROR FLAG test PASSED
PARITY ERROR FLAG test PASSED
PARITY ERROR FLAG test PASSED
PARITY ERROR FLAG test PASSED
PARITY ERROR FLAG test PASSED
PARITY ERROR FLAG test PASSED
PARITY ERROR FLAG test PASSED
PARITY ERROR FLAG test PASSED
PARITY ERROR FLAG test PASSED
PARITY ERROR FLAG test PASSED
PARITY ERROR FLAG test PASSED
PARITY ERROR FLAG test PASSED
PARITY ERROR FLAG test PASSED
PARITY ERROR FLAG test PASSED
PARITY ERROR FLAG test PASSED
PARITY ERROR FLAG test PASSED
PARITY ERROR FLAG test PASSED
PARITY ERROR FLAG test PASSED
PARITY ERROR FLAG test PASSED
PARITY ERROR FLAG test PASSED
PARITY ERROR FLAG test PASSED
PARITY ERROR FLAG test PASSED
PARITY ERROR FLAG test PASSED
PARITY ERROR FLAG test PASSED
PARITY ERROR FLAG test PASSED
PARITY ERROR FLAG test PASSED
PARITY ERROR FLAG test PASSED
PARITY ERROR FLAG test PASSED
MUL test PASSED for arg_a=-14843 arg_b=-20040
PARITY test PASSED
PARITY ERROR FLAG test PASSED
PARITY ERROR FLAG test PASSED
PARITY ERROR FLAG test PASSED
PARITY ERROR FLAG test PASSED
PARITY ERROR FLAG test PASSED
PARITY ERROR FLAG test PASSED
PARITY ERROR FLAG test PASSED
PARITY ERROR FLAG test PASSED
PARITY ERROR FLAG test PASSED
PARITY ERROR FLAG test PASSED
PARITY ERROR FLAG test PASSED
MUL test PASSED for arg_a=9631 arg_b=-7109
PARITY test PASSED
MUL test PASSED for arg_a=-17046 arg_b=-4633
PARITY test PASSED
PARITY ERROR FLAG test PASSED
PARITY ERROR FLAG test PASSED
PARITY ERROR FLAG test PASSED
PARITY ERROR FLAG test PASSED
PARITY ERROR FLAG test PASSED
PARITY ERROR FLAG test PASSED
MUL test PASSED for arg_a=-23162 arg_b=-24189
PARITY test PASSED
PARITY ERROR FLAG test PASSED
PARITY ERROR FLAG test PASSED
PARITY ERROR FLAG test PASSED
PARITY ERROR FLAG test PASSED
PARITY ERROR FLAG test PASSED
PARITY ERROR FLAG test PASSED
PARITY ERROR FLAG test PASSED
PARITY ERROR FLAG test PASSED
PARITY ERROR FLAG test PASSED
PARITY ERROR FLAG test PASSED
PARITY ERROR FLAG test PASSED
PARITY ERROR FLAG test PASSED
MUL test PASSED for arg_a=6201 arg_b=28808
PARITY test PASSED
PARITY ERROR FLAG test PASSED
PARITY ERROR FLAG test PASSED
PARITY ERROR FLAG test PASSED
PARITY ERROR FLAG test PASSED
PARITY ERROR FLAG test PASSED
PARITY ERROR FLAG test PASSED
PARITY ERROR FLAG test PASSED
PARITY ERROR FLAG test PASSED
PARITY ERROR FLAG test PASSED
PARITY ERROR FLAG test PASSED
PARITY ERROR FLAG test PASSED
PARITY ERROR FLAG test PASSED
PARITY ERROR FLAG test PASSED
MUL test PASSED for arg_a=31791 arg_b=29601
PARITY test PASSED
PARITY ERROR FLAG test PASSED
PARITY ERROR FLAG test PASSED
PARITY ERROR FLAG test PASSED
PARITY ERROR FLAG test PASSED
PARITY ERROR FLAG test PASSED
PARITY ERROR FLAG test PASSED
MUL test PASSED for arg_a=-29990 arg_b=-15195
PARITY test PASSED
PARITY ERROR FLAG test PASSED
PARITY ERROR FLAG test PASSED
PARITY ERROR FLAG test PASSED
PARITY ERROR FLAG test PASSED
PARITY ERROR FLAG test PASSED
PARITY ERROR FLAG test PASSED
PARITY ERROR FLAG test PASSED
PARITY ERROR FLAG test PASSED
PARITY ERROR FLAG test PASSED
PARITY ERROR FLAG test PASSED
PARITY ERROR FLAG test PASSED
PARITY ERROR FLAG test PASSED
MUL test PASSED for arg_a=-3111 arg_b=18004
PARITY test PASSED
PARITY ERROR FLAG test PASSED
PARITY ERROR FLAG test PASSED
PARITY ERROR FLAG test PASSED
PARITY ERROR FLAG test PASSED
PARITY ERROR FLAG test PASSED
PARITY ERROR FLAG test PASSED
PARITY ERROR FLAG test PASSED
PARITY ERROR FLAG test PASSED
PARITY ERROR FLAG test PASSED
PARITY ERROR FLAG test PASSED
PARITY ERROR FLAG test PASSED
PARITY ERROR FLAG test PASSED
PARITY ERROR FLAG test PASSED
PARITY ERROR FLAG test PASSED
PARITY ERROR FLAG test PASSED
PARITY ERROR FLAG test PASSED
PARITY ERROR FLAG test PASSED
PARITY ERROR FLAG test PASSED
PARITY ERROR FLAG test PASSED
PARITY ERROR FLAG test PASSED
PARITY ERROR FLAG test PASSED
PARITY ERROR FLAG test PASSED
PARITY ERROR FLAG test PASSED
PARITY ERROR FLAG test PASSED
PARITY ERROR FLAG test PASSED
PARITY ERROR FLAG test PASSED
PARITY ERROR FLAG test PASSED
PARITY ERROR FLAG test PASSED
PARITY ERROR FLAG test PASSED
PARITY ERROR FLAG test PASSED
PARITY ERROR FLAG test PASSED
PARITY ERROR FLAG test PASSED
PARITY ERROR FLAG test PASSED
PARITY ERROR FLAG test PASSED
PARITY ERROR FLAG test PASSED
MUL test PASSED for arg_a=-9767 arg_b=-13255
PARITY test PASSED
PARITY ERROR FLAG test PASSED
PARITY ERROR FLAG test PASSED
PARITY ERROR FLAG test PASSED
PARITY ERROR FLAG test PASSED
PARITY ERROR FLAG test PASSED
PARITY ERROR FLAG test PASSED
PARITY ERROR FLAG test PASSED
PARITY ERROR FLAG test PASSED
PARITY ERROR FLAG test PASSED
PARITY ERROR FLAG test PASSED
PARITY ERROR FLAG test PASSED
PARITY ERROR FLAG test PASSED
PARITY ERROR FLAG test PASSED
PARITY ERROR FLAG test PASSED
PARITY ERROR FLAG test PASSED
PARITY ERROR FLAG test PASSED
PARITY ERROR FLAG test PASSED
PARITY ERROR FLAG test PASSED
PARITY ERROR FLAG test PASSED
PARITY ERROR FLAG test PASSED
PARITY ERROR FLAG test PASSED
PARITY ERROR FLAG test PASSED
PARITY ERROR FLAG test PASSED
PARITY ERROR FLAG test PASSED
PARITY ERROR FLAG test PASSED
PARITY ERROR FLAG test PASSED
PARITY ERROR FLAG test PASSED
PARITY ERROR FLAG test PASSED
PARITY ERROR FLAG test PASSED
PARITY ERROR FLAG test PASSED
PARITY ERROR FLAG test PASSED
PARITY ERROR FLAG test PASSED
PARITY ERROR FLAG test PASSED
PARITY ERROR FLAG test PASSED
PARITY ERROR FLAG test PASSED
PARITY ERROR FLAG test PASSED
PARITY ERROR FLAG test PASSED
PARITY ERROR FLAG test PASSED
PARITY ERROR FLAG test PASSED
PARITY ERROR FLAG test PASSED
PARITY ERROR FLAG test PASSED
PARITY ERROR FLAG test PASSED
MUL test PASSED for arg_a=-13479 arg_b=-3801
PARITY test PASSED
PARITY ERROR FLAG test PASSED
PARITY ERROR FLAG test PASSED
PARITY ERROR FLAG test PASSED
PARITY ERROR FLAG test PASSED
PARITY ERROR FLAG test PASSED
MUL test PASSED for arg_a=32767 arg_b=-12713
PARITY test PASSED
PARITY ERROR FLAG test PASSED
PARITY ERROR FLAG test PASSED
MUL test PASSED for arg_a=32767 arg_b=32767
PARITY test PASSED
PARITY ERROR FLAG test PASSED
PARITY ERROR FLAG test PASSED
PARITY ERROR FLAG test PASSED
PARITY ERROR FLAG test PASSED
PARITY ERROR FLAG test PASSED
PARITY ERROR FLAG test PASSED
PARITY ERROR FLAG test PASSED
PARITY ERROR FLAG test PASSED
PARITY ERROR FLAG test PASSED
PARITY ERROR FLAG test PASSED
PARITY ERROR FLAG test PASSED
PARITY ERROR FLAG test PASSED
PARITY ERROR FLAG test PASSED
PARITY ERROR FLAG test PASSED
PARITY ERROR FLAG test PASSED
MUL test PASSED for arg_a=-22762 arg_b=32767
PARITY test PASSED
PARITY ERROR FLAG test PASSED
PARITY ERROR FLAG test PASSED
PARITY ERROR FLAG test PASSED
PARITY ERROR FLAG test PASSED
PARITY ERROR FLAG test PASSED
PARITY ERROR FLAG test PASSED
PARITY ERROR FLAG test PASSED
PARITY ERROR FLAG test PASSED
PARITY ERROR FLAG test PASSED
PARITY ERROR FLAG test PASSED
PARITY ERROR FLAG test PASSED
PARITY ERROR FLAG test PASSED
PARITY ERROR FLAG test PASSED
PARITY ERROR FLAG test PASSED
PARITY ERROR FLAG test PASSED
PARITY ERROR FLAG test PASSED
PARITY ERROR FLAG test PASSED
PARITY ERROR FLAG test PASSED
PARITY ERROR FLAG test PASSED
PARITY ERROR FLAG test PASSED
PARITY ERROR FLAG test PASSED
PARITY ERROR FLAG test PASSED
PARITY ERROR FLAG test PASSED
PARITY ERROR FLAG test PASSED
PARITY ERROR FLAG test PASSED
PARITY ERROR FLAG test PASSED
PARITY ERROR FLAG test PASSED
MUL test PASSED for arg_a=-9236 arg_b=18751
PARITY test PASSED
PARITY ERROR FLAG test PASSED
PARITY ERROR FLAG test PASSED
PARITY ERROR FLAG test PASSED
PARITY ERROR FLAG test PASSED
PARITY ERROR FLAG test PASSED
PARITY ERROR FLAG test PASSED
MUL test PASSED for arg_a=-6639 arg_b=-6811
PARITY test PASSED
PARITY ERROR FLAG test PASSED
PARITY ERROR FLAG test PASSED
PARITY ERROR FLAG test PASSED
PARITY ERROR FLAG test PASSED
PARITY ERROR FLAG test PASSED
PARITY ERROR FLAG test PASSED
MUL test PASSED for arg_a=32589 arg_b=30279
PARITY test PASSED
PARITY ERROR FLAG test PASSED
PARITY ERROR FLAG test PASSED
PARITY ERROR FLAG test PASSED
PARITY ERROR FLAG test PASSED
PARITY ERROR FLAG test PASSED
PARITY ERROR FLAG test PASSED
PARITY ERROR FLAG test PASSED
PARITY ERROR FLAG test PASSED
MUL test PASSED for arg_a=-20005 arg_b=30858
PARITY test PASSED
MUL test PASSED for arg_a=2349 arg_b=7373
PARITY test PASSED
MUL test PASSED for arg_a=-1171 arg_b=32767
PARITY test PASSED
PARITY ERROR FLAG test PASSED
PARITY ERROR FLAG test PASSED
PARITY ERROR FLAG test PASSED
PARITY ERROR FLAG test PASSED
PARITY ERROR FLAG test PASSED
PARITY ERROR FLAG test PASSED
PARITY ERROR FLAG test PASSED
PARITY ERROR FLAG test PASSED
PARITY ERROR FLAG test PASSED
PARITY ERROR FLAG test PASSED
PARITY ERROR FLAG test PASSED
PARITY ERROR FLAG test PASSED
PARITY ERROR FLAG test PASSED
PARITY ERROR FLAG test PASSED
PARITY ERROR FLAG test PASSED
PARITY ERROR FLAG test PASSED
PARITY ERROR FLAG test PASSED
PARITY ERROR FLAG test PASSED
PARITY ERROR FLAG test PASSED
PARITY ERROR FLAG test PASSED
PARITY ERROR FLAG test PASSED
PARITY ERROR FLAG test PASSED
MUL test PASSED for arg_a=-30964 arg_b=32767
PARITY test PASSED
PARITY ERROR FLAG test PASSED
PARITY ERROR FLAG test PASSED
PARITY ERROR FLAG test PASSED
PARITY ERROR FLAG test PASSED
PARITY ERROR FLAG test PASSED
PARITY ERROR FLAG test PASSED
PARITY ERROR FLAG test PASSED
PARITY ERROR FLAG test PASSED
PARITY ERROR FLAG test PASSED
PARITY ERROR FLAG test PASSED
PARITY ERROR FLAG test PASSED
PARITY ERROR FLAG test PASSED
MUL test PASSED for arg_a=-3590 arg_b=-8238
PARITY test PASSED
PARITY ERROR FLAG test PASSED
PARITY ERROR FLAG test PASSED
PARITY ERROR FLAG test PASSED
MUL test PASSED for arg_a=-28673 arg_b=-7680
PARITY test PASSED
PARITY ERROR FLAG test PASSED
PARITY ERROR FLAG test PASSED
PARITY ERROR FLAG test PASSED
PARITY ERROR FLAG test PASSED
PARITY ERROR FLAG test PASSED
PARITY ERROR FLAG test PASSED
PARITY ERROR FLAG test PASSED
PARITY ERROR FLAG test PASSED
PARITY ERROR FLAG test PASSED
PARITY ERROR FLAG test PASSED
PARITY ERROR FLAG test PASSED
PARITY ERROR FLAG test PASSED
PARITY ERROR FLAG test PASSED
PARITY ERROR FLAG test PASSED
PARITY ERROR FLAG test PASSED
PARITY ERROR FLAG test PASSED
PARITY ERROR FLAG test PASSED
PARITY ERROR FLAG test PASSED
PARITY ERROR FLAG test PASSED
PARITY ERROR FLAG test PASSED
MUL test PASSED for arg_a=-2774 arg_b=-1919
PARITY test PASSED
PARITY ERROR FLAG test PASSED
PARITY ERROR FLAG test PASSED
PARITY ERROR FLAG test PASSED
PARITY ERROR FLAG test PASSED
PARITY ERROR FLAG test PASSED
PARITY ERROR FLAG test PASSED
PARITY ERROR FLAG test PASSED
PARITY ERROR FLAG test PASSED
PARITY ERROR FLAG test PASSED
PARITY ERROR FLAG test PASSED
PARITY ERROR FLAG test PASSED
PARITY ERROR FLAG test PASSED
PARITY ERROR FLAG test PASSED
PARITY ERROR FLAG test PASSED
MUL test PASSED for arg_a=-32687 arg_b=10788
PARITY test PASSED
PARITY ERROR FLAG test PASSED
PARITY ERROR FLAG test PASSED
PARITY ERROR FLAG test PASSED
PARITY ERROR FLAG test PASSED
PARITY ERROR FLAG test PASSED
PARITY ERROR FLAG test PASSED
PARITY ERROR FLAG test PASSED
PARITY ERROR FLAG test PASSED
PARITY ERROR FLAG test PASSED
PARITY ERROR FLAG test PASSED
MUL test PASSED for arg_a=-13623 arg_b=-3309
PARITY test PASSED
PARITY ERROR FLAG test PASSED
PARITY ERROR FLAG test PASSED
PARITY ERROR FLAG test PASSED
PARITY ERROR FLAG test PASSED
PARITY ERROR FLAG test PASSED
PARITY ERROR FLAG test PASSED
MUL test PASSED for arg_a=13603 arg_b=-20264
PARITY test PASSED
PARITY ERROR FLAG test PASSED
PARITY ERROR FLAG test PASSED
PARITY ERROR FLAG test PASSED
PARITY ERROR FLAG test PASSED
PARITY ERROR FLAG test PASSED
PARITY ERROR FLAG test PASSED
PARITY ERROR FLAG test PASSED
PARITY ERROR FLAG test PASSED
PARITY ERROR FLAG test PASSED
PARITY ERROR FLAG test PASSED
MUL test PASSED for arg_a=9400 arg_b=18254
PARITY test PASSED
PARITY ERROR FLAG test PASSED
PARITY ERROR FLAG test PASSED
MUL test PASSED for arg_a=-6567 arg_b=32767
PARITY test PASSED
PARITY ERROR FLAG test PASSED
PARITY ERROR FLAG test PASSED
PARITY ERROR FLAG test PASSED
PARITY ERROR FLAG test PASSED
PARITY ERROR FLAG test PASSED
PARITY ERROR FLAG test PASSED
PARITY ERROR FLAG test PASSED
PARITY ERROR FLAG test PASSED
PARITY ERROR FLAG test PASSED
PARITY ERROR FLAG test PASSED
PARITY ERROR FLAG test PASSED
PARITY ERROR FLAG test PASSED
PARITY ERROR FLAG test PASSED
PARITY ERROR FLAG test PASSED
PARITY ERROR FLAG test PASSED
PARITY ERROR FLAG test PASSED
PARITY ERROR FLAG test PASSED
PARITY ERROR FLAG test PASSED
PARITY ERROR FLAG test PASSED
PARITY ERROR FLAG test PASSED
PARITY ERROR FLAG test PASSED
PARITY ERROR FLAG test PASSED
PARITY ERROR FLAG test PASSED
PARITY ERROR FLAG test PASSED
PARITY ERROR FLAG test PASSED
PARITY ERROR FLAG test PASSED
PARITY ERROR FLAG test PASSED
MUL test PASSED for arg_a=32767 arg_b=6426
PARITY test PASSED
PARITY ERROR FLAG test PASSED
PARITY ERROR FLAG test PASSED
PARITY ERROR FLAG test PASSED
PARITY ERROR FLAG test PASSED
PARITY ERROR FLAG test PASSED
PARITY ERROR FLAG test PASSED
PARITY ERROR FLAG test PASSED
PARITY ERROR FLAG test PASSED
PARITY ERROR FLAG test PASSED
PARITY ERROR FLAG test PASSED
PARITY ERROR FLAG test PASSED
PARITY ERROR FLAG test PASSED
PARITY ERROR FLAG test PASSED
PARITY ERROR FLAG test PASSED
PARITY ERROR FLAG test PASSED
PARITY ERROR FLAG test PASSED
PARITY ERROR FLAG test PASSED
PARITY ERROR FLAG test PASSED
PARITY ERROR FLAG test PASSED
39990 Clock cycles elapsed: 2000
PARITY ERROR FLAG test PASSED
PARITY ERROR FLAG test PASSED
PARITY ERROR FLAG test PASSED
PARITY ERROR FLAG test PASSED
PARITY ERROR FLAG test PASSED
PARITY ERROR FLAG test PASSED
PARITY ERROR FLAG test PASSED
PARITY ERROR FLAG test PASSED
PARITY ERROR FLAG test PASSED
PARITY ERROR FLAG test PASSED
PARITY ERROR FLAG test PASSED
PARITY ERROR FLAG test PASSED
PARITY ERROR FLAG test PASSED
PARITY ERROR FLAG test PASSED
PARITY ERROR FLAG test PASSED
PARITY ERROR FLAG test PASSED
PARITY ERROR FLAG test PASSED
PARITY ERROR FLAG test PASSED
PARITY ERROR FLAG test PASSED
PARITY ERROR FLAG test PASSED
PARITY ERROR FLAG test PASSED
PARITY ERROR FLAG test PASSED
PARITY ERROR FLAG test PASSED
PARITY ERROR FLAG test PASSED
PARITY ERROR FLAG test PASSED
PARITY ERROR FLAG test PASSED
MUL test PASSED for arg_a=14939 arg_b=-22620
PARITY test PASSED
PARITY ERROR FLAG test PASSED
PARITY ERROR FLAG test PASSED
PARITY ERROR FLAG test PASSED
PARITY ERROR FLAG test PASSED
PARITY ERROR FLAG test PASSED
PARITY ERROR FLAG test PASSED
PARITY ERROR FLAG test PASSED
PARITY ERROR FLAG test PASSED
PARITY ERROR FLAG test PASSED
MUL test PASSED for arg_a=-31043 arg_b=3889
PARITY test PASSED
PARITY ERROR FLAG test PASSED
PARITY ERROR FLAG test PASSED
PARITY ERROR FLAG test PASSED
MUL test PASSED for arg_a=32767 arg_b=16213
PARITY test PASSED
PARITY ERROR FLAG test PASSED
PARITY ERROR FLAG test PASSED
PARITY ERROR FLAG test PASSED
PARITY ERROR FLAG test PASSED
PARITY ERROR FLAG test PASSED
PARITY ERROR FLAG test PASSED
PARITY ERROR FLAG test PASSED
PARITY ERROR FLAG test PASSED
PARITY ERROR FLAG test PASSED
PARITY ERROR FLAG test PASSED
PARITY ERROR FLAG test PASSED
PARITY ERROR FLAG test PASSED
PARITY ERROR FLAG test PASSED
PARITY ERROR FLAG test PASSED
PARITY ERROR FLAG test PASSED
PARITY ERROR FLAG test PASSED
PARITY ERROR FLAG test PASSED
PARITY ERROR FLAG test PASSED
PARITY ERROR FLAG test PASSED
PARITY ERROR FLAG test PASSED
PARITY ERROR FLAG test PASSED
PARITY ERROR FLAG test PASSED
PARITY ERROR FLAG test PASSED
PARITY ERROR FLAG test PASSED
PARITY ERROR FLAG test PASSED
PARITY ERROR FLAG test PASSED
PARITY ERROR FLAG test PASSED
PARITY ERROR FLAG test PASSED
PARITY ERROR FLAG test PASSED
PARITY ERROR FLAG test PASSED
PARITY ERROR FLAG test PASSED
MUL test PASSED for arg_a=-19854 arg_b=-18203
PARITY test PASSED
PARITY ERROR FLAG test PASSED
PARITY ERROR FLAG test PASSED
PARITY ERROR FLAG test PASSED
PARITY ERROR FLAG test PASSED
MUL test PASSED for arg_a=-26809 arg_b=-28673
PARITY test PASSED
PARITY ERROR FLAG test PASSED
PARITY ERROR FLAG test PASSED
PARITY ERROR FLAG test PASSED
PARITY ERROR FLAG test PASSED
PARITY ERROR FLAG test PASSED
PARITY ERROR FLAG test PASSED
PARITY ERROR FLAG test PASSED
PARITY ERROR FLAG test PASSED
MUL test PASSED for arg_a=-28673 arg_b=-26755
PARITY test PASSED
PARITY ERROR FLAG test PASSED
PARITY ERROR FLAG test PASSED
PARITY ERROR FLAG test PASSED
PARITY ERROR FLAG test PASSED
PARITY ERROR FLAG test PASSED
PARITY ERROR FLAG test PASSED
MUL test PASSED for arg_a=32767 arg_b=-31302
PARITY test PASSED
PARITY ERROR FLAG test PASSED
PARITY ERROR FLAG test PASSED
PARITY ERROR FLAG test PASSED
PARITY ERROR FLAG test PASSED
PARITY ERROR FLAG test PASSED
PARITY ERROR FLAG test PASSED
PARITY ERROR FLAG test PASSED
PARITY ERROR FLAG test PASSED
PARITY ERROR FLAG test PASSED
PARITY ERROR FLAG test PASSED
PARITY ERROR FLAG test PASSED
PARITY ERROR FLAG test PASSED
PARITY ERROR FLAG test PASSED
PARITY ERROR FLAG test PASSED
PARITY ERROR FLAG test PASSED
PARITY ERROR FLAG test PASSED
PARITY ERROR FLAG test PASSED
PARITY ERROR FLAG test PASSED
MUL test PASSED for arg_a=12098 arg_b=32767
PARITY test PASSED
PARITY ERROR FLAG test PASSED
PARITY ERROR FLAG test PASSED
PARITY ERROR FLAG test PASSED
PARITY ERROR FLAG test PASSED
PARITY ERROR FLAG test PASSED
PARITY ERROR FLAG test PASSED
PARITY ERROR FLAG test PASSED
PARITY ERROR FLAG test PASSED
PARITY ERROR FLAG test PASSED
[1;30m[102m-----------------------------------
----------- Test PASSED -----------
-----------------------------------[0m

Simulation complete via $finish(1) at time 45470 NS + 3
../tb/vdic_dut_2023_tb.sv:134     $finish;
xcelium> ^C
xcelium> exit
See ./cov_work/scope/test/icc.com file for message(s) on coverage constant object marking

coverage setup:
  workdir  :  ./cov_work
  dutinst  :  top(top)
  scope    :  scope
  testname :  test

coverage files:
  model(design data) :  ./cov_work/scope/icc_429014c8_00000000.ucm
  data               :  ./cov_work/scope/test/icc_429014c8_00000000.ucd
TOOL:	xrun	21.03-s009: Exiting on Oct 17, 2023 at 20:34:52 CEST  (total: 00:01:37)
