/eda/cadence/2021-22/RHELx86/XCELIUM_21.03.009/tools.lnx86/inca/bin/xmsim
Obtained 44 stack frames.
/eda/cadence/2021-22/RHELx86/XCELIUM_21.03.009/tools.lnx86/inca/bin/../../lib/libcbreakpad.so(_Z13use_backtracev+0xa1) [0xf72f22b0]
/eda/cadence/2021-22/RHELx86/XCELIUM_21.03.009/tools.lnx86/inca/bin/../../lib/libcbreakpad.so(cbpad_generate_dump_on_demand+0x90) [0xf72f262b]
xmsim() [0x93909d0]
xmsim(serror+0x1a) [0x9391e6a]
xmsim() [0x867a6af]
xmsim() [0x867ac93]
[0xf7776410]
xmsim() [0x8701f6b]
xmsim() [0x86f7be0]
xmsim() [0x8807ad2]
xmsim() [0x8e460ba]
xmsim() [0x8e5178d]
xmsim() [0x8e53795]
xmsim() [0x8e95130]
xmsim(sslu_traverse_scopes+0x2d9) [0x889c659]
xmsim(sslu_traverse_scopes+0x1584) [0x889d904]
xmsim() [0x8e6fe45]
xmsim() [0x8e96ef0]
xmsim() [0x829d2fd]
xmsim() [0x81f5cd2]
xmsim() [0x81f62e9]
xmsim() [0x81f6657]
[0xf7776410]
xmsim() [0x937c280]
[0xf7776400]
[0xf7776430]
/lib/libc.so.6(kill+0x16) [0xf7362596]
xmsim() [0x8f29ae7]
xmsim() [0x85cfc1e]
[0xf7776400]
[0xf7776430]
/lib/libc.so.6(__select+0x61) [0xf7427451]
/eda/cadence/2021-22/RHELx86/XCELIUM_21.03.009/tools/lib/libdcapi.so(dcDoOneEventTimed+0xd5) [0xf71cdd25]
/eda/cadence/2021-22/RHELx86/XCELIUM_21.03.009/tools/lib/libStrapNC.so(StrapRead+0x81) [0xf6fff2a1]
/eda/cadence/2021-22/RHELx86/XCELIUM_21.03.009/tools/lib/libStrapNC.so(Strap_IncaReadStdin+0x1e) [0xf6febbbe]
xmsim() [0x93275f1]
xmsim() [0x9327c38]
xmsim() [0x9327e2f]
xmsim() [0x85b8aac]
xmsim() [0x81f5259]
xmsim(ncmain+0x89) [0x81f4105]
xmsim(main+0x22) [0x9c8d0c6]
/lib/libc.so.6(__libc_start_main+0xf3) [0xf734d2d3]
xmsim() [0x8169d0d]
