*I,RUNLD: Successfully loaded run /home/student/afudali/Desktop/VDIC/lab06/run/cov_work/scope/min_max_test.
*I,MERGL1: Merging Simulation Coverage ...
----------------------------
*I,MERGL1: Preparing target model ...
*I,MERGL1: Reading model of primary run (cov_work/scope/random_test) as initial model: cov_work/scope/icc_4bf56d3a_77ede3b5.ucm
*I,MERGL1: Target model generated successfully.
*I,MERGL1: Projecting Simulation ucd data into the target model ...
*I,MERGL2:   cov_work/scope/random_test:
*I,MERGL3:       Data is projected in to the target model.
*I,MERGL2:   cov_work/scope/min_max_test:
*I,MERGL3:       Data is projected in to the target model.
*I,MERGL1: Writing output database cov_work/scope/merged_results:
*I,MERGL2:   Model: cov_work/scope/merged_results/icc_4bf56d3a_77ede3b5.ucm
*I,MERGL2:   Data : cov_work/scope/merged_results/icc_4bf56d3a_77ede3b5.ucd
*I,MERGL1: No Specman coverage databases found in the runs.
Total conflicts during target model creation: 0
Total items not merged                      : 0
Total runs not considered during target model creation: 0
Total runs not merged                                 : 0
*I,RUNLD: Successfully loaded run /home/student/afudali/Desktop/VDIC/lab06/run/cov_work/scope/merged_results.
*W,REPDEP: This is a legacy report and no future enhancement is planned for this report. It is recommended that you use the 'report_metrics' command and generate a dynamic report.
name                                     Overall Average      Overall Covered      Code Average         Code Covered         Fsm Average          Fsm Covered          Functional Average   Functional Covered   
-----------------------------------------------------------------------------------------------------------------------------------------------------------------------------------------------------------------
uvm_pkg                                  n/a                  n/a                  n/a                  n/a                  n/a                  n/a                  n/a                  n/a                  
|--uvm_test_top                          n/a                  n/a                  n/a                  n/a                  n/a                  n/a                  n/a                  n/a                  
| |--env_h                               n/a                  n/a                  n/a                  n/a                  n/a                  n/a                  n/a                  n/a                  
| | |--coverage_h                        8.33%                4.26% (2/47)         n/a                  n/a                  n/a                  n/a                  8.33%                4.26% (2/47)         
top                                      100.00%              100.00% (2/2)        100.00%              100.00% (2/2)        n/a                  n/a                  n/a                  n/a                  
|--bfm                                   46.22%               25.00% (24/96)       46.22%               25.00% (24/96)       n/a                  n/a                  n/a                  n/a                  
|--DUT                                   5.48%                5.48% (4/73)         5.48%                5.48% (4/73)         n/a                  n/a                  n/a                  n/a                  
