[INFO ] 2023-11-29 21:42:35,433 [com.cadence.mdv.imc.Main] [main] - Binding debug tools http on port: 43769
[INFO ] 2023-11-29 21:42:40,695 [com.cadence.mdv.imc.Main] [main] - Binding debug tools http on port: 37332
[INFO ] 2023-11-29 23:06:08,098 [com.cadence.mdv.imc.Main] [main] - Binding debug tools http on port: 38631
[INFO ] 2023-11-29 23:06:13,193 [com.cadence.mdv.imc.Main] [main] - Binding debug tools http on port: 39987
[INFO ] 2023-11-30 07:59:24,599 [com.cadence.mdv.imc.Main] [main] - Binding debug tools http on port: 43346
[INFO ] 2023-11-30 07:59:30,374 [com.cadence.mdv.imc.Main] [main] - Binding debug tools http on port: 41044
[INFO ] 2023-12-05 17:35:50,556 [com.cadence.mdv.imc.Main] [main] - Binding debug tools http on port: 45825
[ERROR] 2023-12-05 17:35:50,676 [com.cadence.mdv.messaging.MDVASynchronicMessaging] [frontend-pool-1] - Directory 'cov_work/scope/min_max_test' not found. Verify the existence of the specified directory, and rerun the command
[INFO ] 2023-12-05 17:36:54,278 [com.cadence.mdv.imc.Main] [main] - Binding debug tools http on port: 41731
[ERROR] 2023-12-05 17:36:54,366 [com.cadence.mdv.messaging.MDVASynchronicMessaging] [frontend-pool-1] - Directory 'cov_work/scope/merged_results' not found. Verify the existence of the specified directory, and rerun the command
[INFO ] 2023-12-05 17:44:01,379 [com.cadence.mdv.imc.Main] [main] - Binding debug tools http on port: 42445
[ERROR] 2023-12-05 17:44:01,450 [com.cadence.mdv.messaging.MDVASynchronicMessaging] [frontend-pool-1] - Directory 'cov_work/scope/min_max_test' not found. Verify the existence of the specified directory, and rerun the command
[INFO ] 2023-12-05 17:44:12,922 [com.cadence.mdv.imc.Main] [main] - Binding debug tools http on port: 33914
[ERROR] 2023-12-05 17:44:13,005 [com.cadence.mdv.messaging.MDVASynchronicMessaging] [frontend-pool-1] - Directory 'cov_work/scope/merged_results' not found. Verify the existence of the specified directory, and rerun the command
[INFO ] 2023-12-05 17:59:22,624 [com.cadence.mdv.imc.Main] [main] - Binding debug tools http on port: 35895
[ERROR] 2023-12-05 17:59:22,693 [com.cadence.mdv.messaging.MDVASynchronicMessaging] [frontend-pool-1] - Directory 'cov_work/scope/min_max_test' not found. Verify the existence of the specified directory, and rerun the command
[INFO ] 2023-12-05 17:59:33,521 [com.cadence.mdv.imc.Main] [main] - Binding debug tools http on port: 36653
[ERROR] 2023-12-05 17:59:33,587 [com.cadence.mdv.messaging.MDVASynchronicMessaging] [frontend-pool-1] - Directory 'cov_work/scope/merged_results' not found. Verify the existence of the specified directory, and rerun the command
[INFO ] 2023-12-05 18:01:22,134 [com.cadence.mdv.imc.Main] [main] - Binding debug tools http on port: 33493
[ERROR] 2023-12-05 18:01:22,205 [com.cadence.mdv.messaging.MDVASynchronicMessaging] [frontend-pool-1] - Directory 'cov_work/scope/min_max_test' not found. Verify the existence of the specified directory, and rerun the command
[INFO ] 2023-12-05 18:02:35,409 [com.cadence.mdv.imc.Main] [main] - Binding debug tools http on port: 46254
[ERROR] 2023-12-05 18:02:35,504 [com.cadence.mdv.messaging.MDVASynchronicMessaging] [frontend-pool-1] - Directory 'cov_work/scope/merged_results' not found. Verify the existence of the specified directory, and rerun the command
[INFO ] 2023-12-05 18:10:49,796 [com.cadence.mdv.imc.Main] [main] - Binding debug tools http on port: 46205
[ERROR] 2023-12-05 18:10:49,868 [com.cadence.mdv.messaging.MDVASynchronicMessaging] [frontend-pool-1] - Directory 'cov_work/scope/min_max_test' not found. Verify the existence of the specified directory, and rerun the command
[INFO ] 2023-12-05 18:10:57,998 [com.cadence.mdv.imc.Main] [main] - Binding debug tools http on port: 41140
[ERROR] 2023-12-05 18:10:58,066 [com.cadence.mdv.messaging.MDVASynchronicMessaging] [frontend-pool-1] - Directory 'cov_work/scope/merged_results' not found. Verify the existence of the specified directory, and rerun the command
[INFO ] 2023-12-05 18:19:03,990 [com.cadence.mdv.imc.Main] [main] - Binding debug tools http on port: 40780
[ERROR] 2023-12-05 18:19:04,072 [com.cadence.mdv.messaging.MDVASynchronicMessaging] [frontend-pool-1] - Directory 'cov_work/scope/min_max_test' not found. Verify the existence of the specified directory, and rerun the command
[INFO ] 2023-12-05 18:19:49,429 [com.cadence.mdv.imc.Main] [main] - Binding debug tools http on port: 38864
[ERROR] 2023-12-05 18:19:49,491 [com.cadence.mdv.messaging.MDVASynchronicMessaging] [frontend-pool-1] - Directory 'cov_work/scope/merged_results' not found. Verify the existence of the specified directory, and rerun the command
[INFO ] 2023-12-05 18:23:44,144 [com.cadence.mdv.imc.Main] [main] - Binding debug tools http on port: 36214
[ERROR] 2023-12-05 18:23:44,218 [com.cadence.mdv.messaging.MDVASynchronicMessaging] [frontend-pool-1] - Directory 'cov_work/scope/min_max_test' not found. Verify the existence of the specified directory, and rerun the command
[INFO ] 2023-12-05 18:34:25,114 [com.cadence.mdv.imc.Main] [main] - Binding debug tools http on port: 33359
[ERROR] 2023-12-05 18:34:25,190 [com.cadence.mdv.messaging.MDVASynchronicMessaging] [frontend-pool-1] - Directory 'cov_work/scope/merged_results' not found. Verify the existence of the specified directory, and rerun the command
[INFO ] 2023-12-05 18:35:56,080 [com.cadence.mdv.imc.Main] [main] - Binding debug tools http on port: 35933
[ERROR] 2023-12-05 18:35:56,172 [com.cadence.mdv.messaging.MDVASynchronicMessaging] [frontend-pool-1] - Directory 'cov_work/scope/min_max_test' not found. Verify the existence of the specified directory, and rerun the command
[INFO ] 2023-12-05 18:36:34,435 [com.cadence.mdv.imc.Main] [main] - Binding debug tools http on port: 33765
[ERROR] 2023-12-05 18:36:34,512 [com.cadence.mdv.messaging.MDVASynchronicMessaging] [frontend-pool-1] - Directory 'cov_work/scope/merged_results' not found. Verify the existence of the specified directory, and rerun the command
[INFO ] 2023-12-05 18:38:15,409 [com.cadence.mdv.imc.Main] [main] - Binding debug tools http on port: 45205
[ERROR] 2023-12-05 18:38:15,484 [com.cadence.mdv.messaging.MDVASynchronicMessaging] [frontend-pool-1] - Directory 'cov_work/scope/min_max_test' not found. Verify the existence of the specified directory, and rerun the command
[INFO ] 2023-12-05 18:39:15,591 [com.cadence.mdv.imc.Main] [main] - Binding debug tools http on port: 45656
[ERROR] 2023-12-05 18:39:15,666 [com.cadence.mdv.messaging.MDVASynchronicMessaging] [frontend-pool-1] - Directory 'cov_work/scope/merged_results' not found. Verify the existence of the specified directory, and rerun the command
[INFO ] 2023-12-05 18:40:23,750 [com.cadence.mdv.imc.Main] [main] - Binding debug tools http on port: 42134
[ERROR] 2023-12-05 18:40:23,843 [com.cadence.mdv.messaging.MDVASynchronicMessaging] [frontend-pool-1] - Directory 'cov_work/scope/min_max_test' not found. Verify the existence of the specified directory, and rerun the command
[INFO ] 2023-12-05 18:40:31,403 [com.cadence.mdv.imc.Main] [main] - Binding debug tools http on port: 44787
[ERROR] 2023-12-05 18:40:31,472 [com.cadence.mdv.messaging.MDVASynchronicMessaging] [frontend-pool-1] - Directory 'cov_work/scope/merged_results' not found. Verify the existence of the specified directory, and rerun the command
[INFO ] 2023-12-05 18:43:21,963 [com.cadence.mdv.imc.Main] [main] - Binding debug tools http on port: 36674
[ERROR] 2023-12-05 18:43:22,034 [com.cadence.mdv.messaging.MDVASynchronicMessaging] [frontend-pool-1] - Directory 'cov_work/scope/min_max_test' not found. Verify the existence of the specified directory, and rerun the command
[INFO ] 2023-12-05 18:45:59,594 [com.cadence.mdv.imc.Main] [main] - Binding debug tools http on port: 45783
[ERROR] 2023-12-05 18:45:59,666 [com.cadence.mdv.messaging.MDVASynchronicMessaging] [frontend-pool-1] - Directory 'cov_work/scope/merged_results' not found. Verify the existence of the specified directory, and rerun the command
[INFO ] 2023-12-05 18:52:11,015 [com.cadence.mdv.imc.Main] [main] - Binding debug tools http on port: 44769
[ERROR] 2023-12-05 18:52:11,087 [com.cadence.mdv.messaging.MDVASynchronicMessaging] [frontend-pool-1] - Directory 'cov_work/scope/min_max_test' not found. Verify the existence of the specified directory, and rerun the command
[INFO ] 2023-12-05 18:52:15,940 [com.cadence.mdv.imc.Main] [main] - Binding debug tools http on port: 41318
[ERROR] 2023-12-05 18:52:16,001 [com.cadence.mdv.messaging.MDVASynchronicMessaging] [frontend-pool-1] - Directory 'cov_work/scope/merged_results' not found. Verify the existence of the specified directory, and rerun the command
[INFO ] 2023-12-05 19:02:25,447 [com.cadence.mdv.imc.Main] [main] - Binding debug tools http on port: 35296
[ERROR] 2023-12-05 19:02:25,518 [com.cadence.mdv.messaging.MDVASynchronicMessaging] [frontend-pool-1] - Directory 'cov_work/scope/min_max_test' not found. Verify the existence of the specified directory, and rerun the command
[INFO ] 2023-12-05 19:02:47,605 [com.cadence.mdv.imc.Main] [main] - Binding debug tools http on port: 40875
[ERROR] 2023-12-05 19:02:47,671 [com.cadence.mdv.messaging.MDVASynchronicMessaging] [frontend-pool-1] - Directory 'cov_work/scope/merged_results' not found. Verify the existence of the specified directory, and rerun the command
[ERROR] 2023-12-05 19:02:47,729 [com.cadence.mdv.messaging.MDVASynchronicMessaging] [frontend-pool-2] - invalid command name "'exit".
[INFO ] 2023-12-05 19:14:55,861 [com.cadence.mdv.imc.Main] [main] - Binding debug tools http on port: 34404
[ERROR] 2023-12-05 19:14:55,941 [com.cadence.mdv.messaging.MDVASynchronicMessaging] [frontend-pool-1] - Directory 'cov_work/scope/min_max_test' not found. Verify the existence of the specified directory, and rerun the command
[INFO ] 2023-12-05 19:19:26,899 [com.cadence.mdv.imc.Main] [main] - Binding debug tools http on port: 45620
[ERROR] 2023-12-05 19:19:26,992 [com.cadence.mdv.messaging.MDVASynchronicMessaging] [frontend-pool-1] - Directory 'cov_work/scope/merged_results' not found. Verify the existence of the specified directory, and rerun the command
[INFO ] 2023-12-05 19:20:32,224 [com.cadence.mdv.imc.Main] [main] - Binding debug tools http on port: 40003
[ERROR] 2023-12-05 19:20:32,294 [com.cadence.mdv.messaging.MDVASynchronicMessaging] [frontend-pool-1] - Directory 'cov_work/scope/min_max_test' not found. Verify the existence of the specified directory, and rerun the command
[INFO ] 2023-12-05 19:20:51,594 [com.cadence.mdv.imc.Main] [main] - Binding debug tools http on port: 38310
[ERROR] 2023-12-05 19:20:51,656 [com.cadence.mdv.messaging.MDVASynchronicMessaging] [frontend-pool-1] - Directory 'cov_work/scope/merged_results' not found. Verify the existence of the specified directory, and rerun the command
[INFO ] 2023-12-05 19:24:45,065 [com.cadence.mdv.imc.Main] [main] - Binding debug tools http on port: 45999
[INFO ] 2023-12-05 19:24:49,787 [com.cadence.mdv.imc.Main] [main] - Binding debug tools http on port: 42134
[INFO ] 2023-12-05 19:29:21,379 [com.cadence.mdv.imc.Main] [main] - Binding debug tools http on port: 32842
[INFO ] 2023-12-05 19:29:26,359 [com.cadence.mdv.imc.Main] [main] - Binding debug tools http on port: 46092
[INFO ] 2023-12-05 19:33:30,759 [com.cadence.mdv.imc.Main] [main] - Binding debug tools http on port: 32907
[INFO ] 2023-12-05 19:33:35,917 [com.cadence.mdv.imc.Main] [main] - Binding debug tools http on port: 40838
[INFO ] 2023-12-05 19:35:05,081 [com.cadence.mdv.imc.Main] [main] - Binding debug tools http on port: 32995
[INFO ] 2023-12-05 19:35:10,054 [com.cadence.mdv.imc.Main] [main] - Binding debug tools http on port: 39489
[INFO ] 2023-12-05 19:38:06,114 [com.cadence.mdv.imc.Main] [main] - Binding debug tools http on port: 41954
[INFO ] 2023-12-05 19:38:11,527 [com.cadence.mdv.imc.Main] [main] - Binding debug tools http on port: 43345
[INFO ] 2023-12-05 19:40:06,342 [com.cadence.mdv.imc.Main] [main] - Binding debug tools http on port: 41645
[ERROR] 2023-12-05 19:40:06,411 [com.cadence.mdv.messaging.MDVASynchronicMessaging] [frontend-pool-1] - Directory 'cov_work/scope/min_max_test' not found. Verify the existence of the specified directory, and rerun the command
[INFO ] 2023-12-05 19:47:24,389 [com.cadence.mdv.imc.Main] [main] - Binding debug tools http on port: 42390
[ERROR] 2023-12-05 19:47:24,469 [com.cadence.mdv.messaging.MDVASynchronicMessaging] [frontend-pool-1] - Directory 'cov_work/scope/merged_results' not found. Verify the existence of the specified directory, and rerun the command
[INFO ] 2023-12-05 19:54:57,733 [com.cadence.mdv.imc.Main] [main] - Binding debug tools http on port: 35548
[ERROR] 2023-12-05 19:54:57,809 [com.cadence.mdv.messaging.MDVASynchronicMessaging] [frontend-pool-1] - Directory 'cov_work/scope/min_max_test' not found. Verify the existence of the specified directory, and rerun the command
[INFO ] 2023-12-05 19:57:06,021 [com.cadence.mdv.imc.Main] [main] - Binding debug tools http on port: 34768
[ERROR] 2023-12-05 19:57:06,097 [com.cadence.mdv.messaging.MDVASynchronicMessaging] [frontend-pool-1] - Directory 'cov_work/scope/min_max_test' not found. Verify the existence of the specified directory, and rerun the command
[INFO ] 2023-12-05 19:57:13,666 [com.cadence.mdv.imc.Main] [main] - Binding debug tools http on port: 37557
[ERROR] 2023-12-05 19:57:13,724 [com.cadence.mdv.messaging.MDVASynchronicMessaging] [frontend-pool-1] - Directory 'cov_work/scope/merged_results' not found. Verify the existence of the specified directory, and rerun the command
[INFO ] 2023-12-05 20:29:32,396 [com.cadence.mdv.imc.Main] [main] - Binding debug tools http on port: 38226
[INFO ] 2023-12-05 20:29:37,155 [com.cadence.mdv.imc.Main] [main] - Binding debug tools http on port: 34152
[INFO ] 2023-12-05 20:31:30,839 [com.cadence.mdv.imc.Main] [main] - Binding debug tools http on port: 39497
[INFO ] 2023-12-05 20:31:35,769 [com.cadence.mdv.imc.Main] [main] - Binding debug tools http on port: 39390
[INFO ] 2023-12-05 20:32:40,575 [com.cadence.mdv.imc.Main] [main] - Binding debug tools http on port: 40633
[INFO ] 2023-12-05 20:32:45,266 [com.cadence.mdv.imc.Main] [main] - Binding debug tools http on port: 44337
[INFO ] 2023-12-05 20:33:34,430 [com.cadence.mdv.imc.Main] [main] - Binding debug tools http on port: 38682
[INFO ] 2023-12-05 20:33:39,857 [com.cadence.mdv.imc.Main] [main] - Binding debug tools http on port: 43703
[INFO ] 2023-12-05 20:34:40,752 [com.cadence.mdv.imc.Main] [main] - Binding debug tools http on port: 39275
[INFO ] 2023-12-05 20:34:45,903 [com.cadence.mdv.imc.Main] [main] - Binding debug tools http on port: 33877
[INFO ] 2023-12-05 20:36:43,757 [com.cadence.mdv.imc.Main] [main] - Binding debug tools http on port: 34076
[INFO ] 2023-12-05 20:36:48,778 [com.cadence.mdv.imc.Main] [main] - Binding debug tools http on port: 34025
[INFO ] 2023-12-05 20:42:03,624 [com.cadence.mdv.imc.Main] [main] - Binding debug tools http on port: 40229
[INFO ] 2023-12-05 20:45:08,738 [com.cadence.mdv.imc.Main] [main] - Binding debug tools http on port: 40656
[INFO ] 2023-12-05 20:45:13,691 [com.cadence.mdv.imc.Main] [main] - Binding debug tools http on port: 34919
[INFO ] 2023-12-05 20:45:32,387 [com.cadence.mdv.imc.Main] [main] - Binding debug tools http on port: 36929
[INFO ] 2023-12-05 20:52:34,437 [com.cadence.mdv.imc.Main] [main] - Binding debug tools http on port: 42768
[INFO ] 2023-12-05 20:53:02,038 [com.cadence.mdv.imc.Main] [main] - Binding debug tools http on port: 35613
[INFO ] 2023-12-05 20:53:07,135 [com.cadence.mdv.imc.Main] [main] - Binding debug tools http on port: 37227
[INFO ] 2023-12-05 20:53:27,988 [com.cadence.mdv.imc.Main] [main] - Binding debug tools http on port: 32938
[INFO ] 2023-12-05 20:55:07,190 [com.cadence.mdv.imc.Main] [main] - Binding debug tools http on port: 39598
[INFO ] 2023-12-05 20:55:12,155 [com.cadence.mdv.imc.Main] [main] - Binding debug tools http on port: 42086
[INFO ] 2023-12-05 20:55:32,400 [com.cadence.mdv.imc.Main] [main] - Binding debug tools http on port: 43978
[INFO ] 2023-12-05 20:57:16,181 [com.cadence.mdv.imc.Main] [main] - Binding debug tools http on port: 42143
[INFO ] 2023-12-05 20:57:21,217 [com.cadence.mdv.imc.Main] [main] - Binding debug tools http on port: 40561
[INFO ] 2023-12-05 21:03:28,671 [com.cadence.mdv.imc.Main] [main] - Binding debug tools http on port: 39171
[INFO ] 2023-12-05 21:03:33,380 [com.cadence.mdv.imc.Main] [main] - Binding debug tools http on port: 38591
[INFO ] 2023-12-06 00:31:24,264 [com.cadence.mdv.imc.Main] [main] - Binding debug tools http on port: 44720
[ERROR] 2023-12-06 00:31:24,355 [com.cadence.mdv.messaging.MDVASynchronicMessaging] [frontend-pool-1] - Directory 'cov_work/scope/dual_test' not found. Verify the existence of the specified directory, and rerun the command
[INFO ] 2023-12-06 00:31:36,661 [com.cadence.mdv.imc.Main] [main] - Binding debug tools http on port: 39294
[ERROR] 2023-12-06 00:31:36,724 [com.cadence.mdv.messaging.MDVASynchronicMessaging] [frontend-pool-1] - Directory 'cov_work/scope/merged_results' not found. Verify the existence of the specified directory, and rerun the command
[INFO ] 2023-12-06 22:54:01,947 [com.cadence.mdv.imc.Main] [main] - Binding debug tools http on port: 35976
[ERROR] 2023-12-06 22:54:02,057 [com.cadence.mdv.messaging.MDVASynchronicMessaging] [frontend-pool-1] - Directory 'cov_work/scope/dual_test' not found. Verify the existence of the specified directory, and rerun the command
[INFO ] 2023-12-06 22:59:36,219 [com.cadence.mdv.imc.Main] [main] - Binding debug tools http on port: 38648
[ERROR] 2023-12-06 22:59:36,307 [com.cadence.mdv.messaging.MDVASynchronicMessaging] [frontend-pool-1] - Directory 'cov_work/scope/merged_results' not found. Verify the existence of the specified directory, and rerun the command
[INFO ] 2023-12-06 23:16:22,978 [com.cadence.mdv.imc.Main] [main] - Binding debug tools http on port: 38121
[ERROR] 2023-12-06 23:16:23,053 [com.cadence.mdv.messaging.MDVASynchronicMessaging] [frontend-pool-1] - Directory 'cov_work/scope/dual_test' not found. Verify the existence of the specified directory, and rerun the command
[INFO ] 2023-12-06 23:16:31,224 [com.cadence.mdv.imc.Main] [main] - Binding debug tools http on port: 38141
[ERROR] 2023-12-06 23:16:31,311 [com.cadence.mdv.messaging.MDVASynchronicMessaging] [frontend-pool-1] - Directory 'cov_work/scope/merged_results' not found. Verify the existence of the specified directory, and rerun the command
[INFO ] 2023-12-06 23:23:15,925 [com.cadence.mdv.imc.Main] [main] - Binding debug tools http on port: 40406
[INFO ] 2023-12-06 23:23:20,758 [com.cadence.mdv.imc.Main] [main] - Binding debug tools http on port: 41863
[INFO ] 2023-12-06 23:38:21,881 [com.cadence.mdv.imc.Main] [main] - Binding debug tools http on port: 45725
[INFO ] 2023-12-06 23:38:28,090 [com.cadence.mdv.imc.Main] [main] - Binding debug tools http on port: 45202
[INFO ] 2023-12-06 23:44:06,637 [com.cadence.mdv.imc.Main] [main] - Binding debug tools http on port: 36139
[INFO ] 2023-12-07 21:25:17,845 [com.cadence.mdv.imc.Main] [main] - Binding debug tools http on port: 40226
[INFO ] 2023-12-07 21:25:22,992 [com.cadence.mdv.imc.Main] [main] - Binding debug tools http on port: 42834
[INFO ] 2023-12-07 21:29:01,925 [com.cadence.mdv.imc.Main] [main] - Binding debug tools http on port: 39896
[INFO ] 2023-12-07 21:29:06,878 [com.cadence.mdv.imc.Main] [main] - Binding debug tools http on port: 44274
[INFO ] 2023-12-07 21:29:51,336 [com.cadence.mdv.imc.Main] [main] - Binding debug tools http on port: 40632
[INFO ] 2023-12-07 21:29:56,693 [com.cadence.mdv.imc.Main] [main] - Binding debug tools http on port: 41187
[INFO ] 2023-12-07 21:40:16,278 [com.cadence.mdv.imc.Main] [main] - Binding debug tools http on port: 39144
[INFO ] 2023-12-07 21:40:21,853 [com.cadence.mdv.imc.Main] [main] - Binding debug tools http on port: 41874
[INFO ] 2023-12-07 22:00:57,410 [com.cadence.mdv.imc.Main] [main] - Binding debug tools http on port: 37199
[INFO ] 2023-12-07 22:01:02,313 [com.cadence.mdv.imc.Main] [main] - Binding debug tools http on port: 40072
[INFO ] 2023-12-07 22:20:01,179 [com.cadence.mdv.imc.Main] [main] - Binding debug tools http on port: 45042
[INFO ] 2023-12-07 22:20:06,214 [com.cadence.mdv.imc.Main] [main] - Binding debug tools http on port: 43801
[INFO ] 2023-12-07 22:23:42,571 [com.cadence.mdv.imc.Main] [main] - Binding debug tools http on port: 40968
[INFO ] 2023-12-07 22:23:47,385 [com.cadence.mdv.imc.Main] [main] - Binding debug tools http on port: 41871
[INFO ] 2023-12-07 22:24:45,570 [com.cadence.mdv.imc.Main] [main] - Binding debug tools http on port: 41155
[INFO ] 2023-12-07 22:24:50,261 [com.cadence.mdv.imc.Main] [main] - Binding debug tools http on port: 41461
[INFO ] 2023-12-07 22:26:19,970 [com.cadence.mdv.imc.Main] [main] - Binding debug tools http on port: 36952
[INFO ] 2023-12-07 22:26:24,774 [com.cadence.mdv.imc.Main] [main] - Binding debug tools http on port: 34734
[INFO ] 2023-12-07 22:26:37,978 [com.cadence.mdv.imc.Main] [main] - Binding debug tools http on port: 34048
[INFO ] 2023-12-07 22:27:47,150 [com.cadence.mdv.imc.Main] [main] - Binding debug tools http on port: 35080
[INFO ] 2023-12-07 22:27:52,250 [com.cadence.mdv.imc.Main] [main] - Binding debug tools http on port: 39488
[INFO ] 2023-12-07 22:32:01,059 [com.cadence.mdv.imc.Main] [main] - Binding debug tools http on port: 45513
[INFO ] 2023-12-07 22:32:06,050 [com.cadence.mdv.imc.Main] [main] - Binding debug tools http on port: 41039
[INFO ] 2023-12-09 15:18:43,946 [com.cadence.mdv.imc.Main] [main] - Binding debug tools http on port: 37650
[INFO ] 2023-12-09 15:18:49,306 [com.cadence.mdv.imc.Main] [main] - Binding debug tools http on port: 43216
[INFO ] 2023-12-09 15:20:58,374 [com.cadence.mdv.imc.Main] [main] - Binding debug tools http on port: 33249
[INFO ] 2023-12-09 15:21:03,421 [com.cadence.mdv.imc.Main] [main] - Binding debug tools http on port: 45911
[INFO ] 2023-12-13 20:38:24,319 [com.cadence.mdv.imc.Main] [main] - Binding debug tools http on port: 36013
[INFO ] 2023-12-13 20:38:43,300 [com.cadence.mdv.imc.Main] [main] - Binding debug tools http on port: 45028
[INFO ] 2023-12-14 08:07:27,632 [com.cadence.mdv.imc.Main] [main] - Binding debug tools http on port: 42553
[INFO ] 2023-12-14 08:07:46,836 [com.cadence.mdv.imc.Main] [main] - Binding debug tools http on port: 45109
[INFO ] 2023-12-14 09:01:00,983 [com.cadence.mdv.imc.Main] [main] - Binding debug tools http on port: 42066
[INFO ] 2023-12-14 09:01:20,088 [com.cadence.mdv.imc.Main] [main] - Binding debug tools http on port: 34684
[INFO ] 2023-12-14 09:10:44,298 [com.cadence.mdv.imc.Main] [main] - Binding debug tools http on port: 41558
[INFO ] 2023-12-14 09:11:04,537 [com.cadence.mdv.imc.Main] [main] - Binding debug tools http on port: 36307
[INFO ] 2023-12-14 09:11:55,560 [com.cadence.mdv.imc.Main] [main] - Binding debug tools http on port: 45411
[INFO ] 2023-12-14 09:12:14,237 [com.cadence.mdv.imc.Main] [main] - Binding debug tools http on port: 33288
