[INFO ] 2023-11-29 21:42:35,433 [com.cadence.mdv.imc.Main] [main] - Binding debug tools http on port: 43769
[INFO ] 2023-11-29 21:42:40,695 [com.cadence.mdv.imc.Main] [main] - Binding debug tools http on port: 37332
[INFO ] 2023-11-29 23:06:08,098 [com.cadence.mdv.imc.Main] [main] - Binding debug tools http on port: 38631
[INFO ] 2023-11-29 23:06:13,193 [com.cadence.mdv.imc.Main] [main] - Binding debug tools http on port: 39987
[INFO ] 2023-11-30 07:59:24,599 [com.cadence.mdv.imc.Main] [main] - Binding debug tools http on port: 43346
[INFO ] 2023-11-30 07:59:30,374 [com.cadence.mdv.imc.Main] [main] - Binding debug tools http on port: 41044
[INFO ] 2023-12-05 17:35:50,556 [com.cadence.mdv.imc.Main] [main] - Binding debug tools http on port: 45825
[ERROR] 2023-12-05 17:35:50,676 [com.cadence.mdv.messaging.MDVASynchronicMessaging] [frontend-pool-1] - Directory 'cov_work/scope/min_max_test' not found. Verify the existence of the specified directory, and rerun the command
[INFO ] 2023-12-05 17:36:54,278 [com.cadence.mdv.imc.Main] [main] - Binding debug tools http on port: 41731
[ERROR] 2023-12-05 17:36:54,366 [com.cadence.mdv.messaging.MDVASynchronicMessaging] [frontend-pool-1] - Directory 'cov_work/scope/merged_results' not found. Verify the existence of the specified directory, and rerun the command
[INFO ] 2023-12-05 17:44:01,379 [com.cadence.mdv.imc.Main] [main] - Binding debug tools http on port: 42445
[ERROR] 2023-12-05 17:44:01,450 [com.cadence.mdv.messaging.MDVASynchronicMessaging] [frontend-pool-1] - Directory 'cov_work/scope/min_max_test' not found. Verify the existence of the specified directory, and rerun the command
[INFO ] 2023-12-05 17:44:12,922 [com.cadence.mdv.imc.Main] [main] - Binding debug tools http on port: 33914
[ERROR] 2023-12-05 17:44:13,005 [com.cadence.mdv.messaging.MDVASynchronicMessaging] [frontend-pool-1] - Directory 'cov_work/scope/merged_results' not found. Verify the existence of the specified directory, and rerun the command
[INFO ] 2023-12-05 17:59:22,624 [com.cadence.mdv.imc.Main] [main] - Binding debug tools http on port: 35895
[ERROR] 2023-12-05 17:59:22,693 [com.cadence.mdv.messaging.MDVASynchronicMessaging] [frontend-pool-1] - Directory 'cov_work/scope/min_max_test' not found. Verify the existence of the specified directory, and rerun the command
[INFO ] 2023-12-05 17:59:33,521 [com.cadence.mdv.imc.Main] [main] - Binding debug tools http on port: 36653
[ERROR] 2023-12-05 17:59:33,587 [com.cadence.mdv.messaging.MDVASynchronicMessaging] [frontend-pool-1] - Directory 'cov_work/scope/merged_results' not found. Verify the existence of the specified directory, and rerun the command
[INFO ] 2023-12-05 18:01:22,134 [com.cadence.mdv.imc.Main] [main] - Binding debug tools http on port: 33493
[ERROR] 2023-12-05 18:01:22,205 [com.cadence.mdv.messaging.MDVASynchronicMessaging] [frontend-pool-1] - Directory 'cov_work/scope/min_max_test' not found. Verify the existence of the specified directory, and rerun the command
[INFO ] 2023-12-05 18:02:35,409 [com.cadence.mdv.imc.Main] [main] - Binding debug tools http on port: 46254
[ERROR] 2023-12-05 18:02:35,504 [com.cadence.mdv.messaging.MDVASynchronicMessaging] [frontend-pool-1] - Directory 'cov_work/scope/merged_results' not found. Verify the existence of the specified directory, and rerun the command
[INFO ] 2023-12-05 18:10:49,796 [com.cadence.mdv.imc.Main] [main] - Binding debug tools http on port: 46205
[ERROR] 2023-12-05 18:10:49,868 [com.cadence.mdv.messaging.MDVASynchronicMessaging] [frontend-pool-1] - Directory 'cov_work/scope/min_max_test' not found. Verify the existence of the specified directory, and rerun the command
[INFO ] 2023-12-05 18:10:57,998 [com.cadence.mdv.imc.Main] [main] - Binding debug tools http on port: 41140
[ERROR] 2023-12-05 18:10:58,066 [com.cadence.mdv.messaging.MDVASynchronicMessaging] [frontend-pool-1] - Directory 'cov_work/scope/merged_results' not found. Verify the existence of the specified directory, and rerun the command
[INFO ] 2023-12-05 18:19:03,990 [com.cadence.mdv.imc.Main] [main] - Binding debug tools http on port: 40780
[ERROR] 2023-12-05 18:19:04,072 [com.cadence.mdv.messaging.MDVASynchronicMessaging] [frontend-pool-1] - Directory 'cov_work/scope/min_max_test' not found. Verify the existence of the specified directory, and rerun the command
[INFO ] 2023-12-05 18:19:49,429 [com.cadence.mdv.imc.Main] [main] - Binding debug tools http on port: 38864
[ERROR] 2023-12-05 18:19:49,491 [com.cadence.mdv.messaging.MDVASynchronicMessaging] [frontend-pool-1] - Directory 'cov_work/scope/merged_results' not found. Verify the existence of the specified directory, and rerun the command
[INFO ] 2023-12-05 18:23:44,144 [com.cadence.mdv.imc.Main] [main] - Binding debug tools http on port: 36214
[ERROR] 2023-12-05 18:23:44,218 [com.cadence.mdv.messaging.MDVASynchronicMessaging] [frontend-pool-1] - Directory 'cov_work/scope/min_max_test' not found. Verify the existence of the specified directory, and rerun the command
[INFO ] 2023-12-05 18:34:25,114 [com.cadence.mdv.imc.Main] [main] - Binding debug tools http on port: 33359
[ERROR] 2023-12-05 18:34:25,190 [com.cadence.mdv.messaging.MDVASynchronicMessaging] [frontend-pool-1] - Directory 'cov_work/scope/merged_results' not found. Verify the existence of the specified directory, and rerun the command
[INFO ] 2023-12-05 18:35:56,080 [com.cadence.mdv.imc.Main] [main] - Binding debug tools http on port: 35933
[ERROR] 2023-12-05 18:35:56,172 [com.cadence.mdv.messaging.MDVASynchronicMessaging] [frontend-pool-1] - Directory 'cov_work/scope/min_max_test' not found. Verify the existence of the specified directory, and rerun the command
[INFO ] 2023-12-05 18:36:34,435 [com.cadence.mdv.imc.Main] [main] - Binding debug tools http on port: 33765
[ERROR] 2023-12-05 18:36:34,512 [com.cadence.mdv.messaging.MDVASynchronicMessaging] [frontend-pool-1] - Directory 'cov_work/scope/merged_results' not found. Verify the existence of the specified directory, and rerun the command
[INFO ] 2023-12-05 18:38:15,409 [com.cadence.mdv.imc.Main] [main] - Binding debug tools http on port: 45205
[ERROR] 2023-12-05 18:38:15,484 [com.cadence.mdv.messaging.MDVASynchronicMessaging] [frontend-pool-1] - Directory 'cov_work/scope/min_max_test' not found. Verify the existence of the specified directory, and rerun the command
[INFO ] 2023-12-05 18:39:15,591 [com.cadence.mdv.imc.Main] [main] - Binding debug tools http on port: 45656
[ERROR] 2023-12-05 18:39:15,666 [com.cadence.mdv.messaging.MDVASynchronicMessaging] [frontend-pool-1] - Directory 'cov_work/scope/merged_results' not found. Verify the existence of the specified directory, and rerun the command
[INFO ] 2023-12-05 18:40:23,750 [com.cadence.mdv.imc.Main] [main] - Binding debug tools http on port: 42134
[ERROR] 2023-12-05 18:40:23,843 [com.cadence.mdv.messaging.MDVASynchronicMessaging] [frontend-pool-1] - Directory 'cov_work/scope/min_max_test' not found. Verify the existence of the specified directory, and rerun the command
[INFO ] 2023-12-05 18:40:31,403 [com.cadence.mdv.imc.Main] [main] - Binding debug tools http on port: 44787
[ERROR] 2023-12-05 18:40:31,472 [com.cadence.mdv.messaging.MDVASynchronicMessaging] [frontend-pool-1] - Directory 'cov_work/scope/merged_results' not found. Verify the existence of the specified directory, and rerun the command
[INFO ] 2023-12-05 18:43:21,963 [com.cadence.mdv.imc.Main] [main] - Binding debug tools http on port: 36674
[ERROR] 2023-12-05 18:43:22,034 [com.cadence.mdv.messaging.MDVASynchronicMessaging] [frontend-pool-1] - Directory 'cov_work/scope/min_max_test' not found. Verify the existence of the specified directory, and rerun the command
[INFO ] 2023-12-05 18:45:59,594 [com.cadence.mdv.imc.Main] [main] - Binding debug tools http on port: 45783
[ERROR] 2023-12-05 18:45:59,666 [com.cadence.mdv.messaging.MDVASynchronicMessaging] [frontend-pool-1] - Directory 'cov_work/scope/merged_results' not found. Verify the existence of the specified directory, and rerun the command
[INFO ] 2023-12-05 18:52:11,015 [com.cadence.mdv.imc.Main] [main] - Binding debug tools http on port: 44769
[ERROR] 2023-12-05 18:52:11,087 [com.cadence.mdv.messaging.MDVASynchronicMessaging] [frontend-pool-1] - Directory 'cov_work/scope/min_max_test' not found. Verify the existence of the specified directory, and rerun the command
[INFO ] 2023-12-05 18:52:15,940 [com.cadence.mdv.imc.Main] [main] - Binding debug tools http on port: 41318
[ERROR] 2023-12-05 18:52:16,001 [com.cadence.mdv.messaging.MDVASynchronicMessaging] [frontend-pool-1] - Directory 'cov_work/scope/merged_results' not found. Verify the existence of the specified directory, and rerun the command
[INFO ] 2023-12-05 19:02:25,447 [com.cadence.mdv.imc.Main] [main] - Binding debug tools http on port: 35296
[ERROR] 2023-12-05 19:02:25,518 [com.cadence.mdv.messaging.MDVASynchronicMessaging] [frontend-pool-1] - Directory 'cov_work/scope/min_max_test' not found. Verify the existence of the specified directory, and rerun the command
[INFO ] 2023-12-05 19:02:47,605 [com.cadence.mdv.imc.Main] [main] - Binding debug tools http on port: 40875
[ERROR] 2023-12-05 19:02:47,671 [com.cadence.mdv.messaging.MDVASynchronicMessaging] [frontend-pool-1] - Directory 'cov_work/scope/merged_results' not found. Verify the existence of the specified directory, and rerun the command
[ERROR] 2023-12-05 19:02:47,729 [com.cadence.mdv.messaging.MDVASynchronicMessaging] [frontend-pool-2] - invalid command name "'exit".
[INFO ] 2023-12-05 19:14:55,861 [com.cadence.mdv.imc.Main] [main] - Binding debug tools http on port: 34404
[ERROR] 2023-12-05 19:14:55,941 [com.cadence.mdv.messaging.MDVASynchronicMessaging] [frontend-pool-1] - Directory 'cov_work/scope/min_max_test' not found. Verify the existence of the specified directory, and rerun the command
[INFO ] 2023-12-05 19:19:26,899 [com.cadence.mdv.imc.Main] [main] - Binding debug tools http on port: 45620
[ERROR] 2023-12-05 19:19:26,992 [com.cadence.mdv.messaging.MDVASynchronicMessaging] [frontend-pool-1] - Directory 'cov_work/scope/merged_results' not found. Verify the existence of the specified directory, and rerun the command
[INFO ] 2023-12-05 19:20:32,224 [com.cadence.mdv.imc.Main] [main] - Binding debug tools http on port: 40003
[ERROR] 2023-12-05 19:20:32,294 [com.cadence.mdv.messaging.MDVASynchronicMessaging] [frontend-pool-1] - Directory 'cov_work/scope/min_max_test' not found. Verify the existence of the specified directory, and rerun the command
[INFO ] 2023-12-05 19:20:51,594 [com.cadence.mdv.imc.Main] [main] - Binding debug tools http on port: 38310
[ERROR] 2023-12-05 19:20:51,656 [com.cadence.mdv.messaging.MDVASynchronicMessaging] [frontend-pool-1] - Directory 'cov_work/scope/merged_results' not found. Verify the existence of the specified directory, and rerun the command
[INFO ] 2023-12-05 19:24:45,065 [com.cadence.mdv.imc.Main] [main] - Binding debug tools http on port: 45999
[INFO ] 2023-12-05 19:24:49,787 [com.cadence.mdv.imc.Main] [main] - Binding debug tools http on port: 42134
[INFO ] 2023-12-05 19:29:21,379 [com.cadence.mdv.imc.Main] [main] - Binding debug tools http on port: 32842
[INFO ] 2023-12-05 19:29:26,359 [com.cadence.mdv.imc.Main] [main] - Binding debug tools http on port: 46092
[INFO ] 2023-12-05 19:33:30,759 [com.cadence.mdv.imc.Main] [main] - Binding debug tools http on port: 32907
[INFO ] 2023-12-05 19:33:35,917 [com.cadence.mdv.imc.Main] [main] - Binding debug tools http on port: 40838
[INFO ] 2023-12-05 19:35:05,081 [com.cadence.mdv.imc.Main] [main] - Binding debug tools http on port: 32995
[INFO ] 2023-12-05 19:35:10,054 [com.cadence.mdv.imc.Main] [main] - Binding debug tools http on port: 39489
[INFO ] 2023-12-05 19:38:06,114 [com.cadence.mdv.imc.Main] [main] - Binding debug tools http on port: 41954
[INFO ] 2023-12-05 19:38:11,527 [com.cadence.mdv.imc.Main] [main] - Binding debug tools http on port: 43345
[INFO ] 2023-12-05 19:40:06,342 [com.cadence.mdv.imc.Main] [main] - Binding debug tools http on port: 41645
[ERROR] 2023-12-05 19:40:06,411 [com.cadence.mdv.messaging.MDVASynchronicMessaging] [frontend-pool-1] - Directory 'cov_work/scope/min_max_test' not found. Verify the existence of the specified directory, and rerun the command
[INFO ] 2023-12-05 19:47:24,389 [com.cadence.mdv.imc.Main] [main] - Binding debug tools http on port: 42390
[ERROR] 2023-12-05 19:47:24,469 [com.cadence.mdv.messaging.MDVASynchronicMessaging] [frontend-pool-1] - Directory 'cov_work/scope/merged_results' not found. Verify the existence of the specified directory, and rerun the command
[INFO ] 2023-12-05 19:54:57,733 [com.cadence.mdv.imc.Main] [main] - Binding debug tools http on port: 35548
[ERROR] 2023-12-05 19:54:57,809 [com.cadence.mdv.messaging.MDVASynchronicMessaging] [frontend-pool-1] - Directory 'cov_work/scope/min_max_test' not found. Verify the existence of the specified directory, and rerun the command
[INFO ] 2023-12-05 19:57:06,021 [com.cadence.mdv.imc.Main] [main] - Binding debug tools http on port: 34768
[ERROR] 2023-12-05 19:57:06,097 [com.cadence.mdv.messaging.MDVASynchronicMessaging] [frontend-pool-1] - Directory 'cov_work/scope/min_max_test' not found. Verify the existence of the specified directory, and rerun the command
[INFO ] 2023-12-05 19:57:13,666 [com.cadence.mdv.imc.Main] [main] - Binding debug tools http on port: 37557
[ERROR] 2023-12-05 19:57:13,724 [com.cadence.mdv.messaging.MDVASynchronicMessaging] [frontend-pool-1] - Directory 'cov_work/scope/merged_results' not found. Verify the existence of the specified directory, and rerun the command
[INFO ] 2023-12-05 20:29:32,396 [com.cadence.mdv.imc.Main] [main] - Binding debug tools http on port: 38226
[INFO ] 2023-12-05 20:29:37,155 [com.cadence.mdv.imc.Main] [main] - Binding debug tools http on port: 34152
[INFO ] 2023-12-05 20:31:30,839 [com.cadence.mdv.imc.Main] [main] - Binding debug tools http on port: 39497
[INFO ] 2023-12-05 20:31:35,769 [com.cadence.mdv.imc.Main] [main] - Binding debug tools http on port: 39390
[INFO ] 2023-12-05 20:32:40,575 [com.cadence.mdv.imc.Main] [main] - Binding debug tools http on port: 40633
[INFO ] 2023-12-05 20:32:45,266 [com.cadence.mdv.imc.Main] [main] - Binding debug tools http on port: 44337
[INFO ] 2023-12-05 20:33:34,430 [com.cadence.mdv.imc.Main] [main] - Binding debug tools http on port: 38682
[INFO ] 2023-12-05 20:33:39,857 [com.cadence.mdv.imc.Main] [main] - Binding debug tools http on port: 43703
[INFO ] 2023-12-05 20:34:40,752 [com.cadence.mdv.imc.Main] [main] - Binding debug tools http on port: 39275
[INFO ] 2023-12-05 20:34:45,903 [com.cadence.mdv.imc.Main] [main] - Binding debug tools http on port: 33877
[INFO ] 2023-12-05 20:36:43,757 [com.cadence.mdv.imc.Main] [main] - Binding debug tools http on port: 34076
[INFO ] 2023-12-05 20:36:48,778 [com.cadence.mdv.imc.Main] [main] - Binding debug tools http on port: 34025
[INFO ] 2023-12-05 20:42:03,624 [com.cadence.mdv.imc.Main] [main] - Binding debug tools http on port: 40229
[INFO ] 2023-12-05 20:45:08,738 [com.cadence.mdv.imc.Main] [main] - Binding debug tools http on port: 40656
[INFO ] 2023-12-05 20:45:13,691 [com.cadence.mdv.imc.Main] [main] - Binding debug tools http on port: 34919
[INFO ] 2023-12-05 20:45:32,387 [com.cadence.mdv.imc.Main] [main] - Binding debug tools http on port: 36929
[INFO ] 2023-12-05 20:52:34,437 [com.cadence.mdv.imc.Main] [main] - Binding debug tools http on port: 42768
[INFO ] 2023-12-05 20:53:02,038 [com.cadence.mdv.imc.Main] [main] - Binding debug tools http on port: 35613
[INFO ] 2023-12-05 20:53:07,135 [com.cadence.mdv.imc.Main] [main] - Binding debug tools http on port: 37227
[INFO ] 2023-12-05 20:53:27,988 [com.cadence.mdv.imc.Main] [main] - Binding debug tools http on port: 32938
[INFO ] 2023-12-05 20:55:07,190 [com.cadence.mdv.imc.Main] [main] - Binding debug tools http on port: 39598
[INFO ] 2023-12-05 20:55:12,155 [com.cadence.mdv.imc.Main] [main] - Binding debug tools http on port: 42086
[INFO ] 2023-12-05 20:55:32,400 [com.cadence.mdv.imc.Main] [main] - Binding debug tools http on port: 43978
[INFO ] 2023-12-05 20:57:16,181 [com.cadence.mdv.imc.Main] [main] - Binding debug tools http on port: 42143
[INFO ] 2023-12-05 20:57:21,217 [com.cadence.mdv.imc.Main] [main] - Binding debug tools http on port: 40561
[INFO ] 2023-12-05 21:03:28,671 [com.cadence.mdv.imc.Main] [main] - Binding debug tools http on port: 39171
[INFO ] 2023-12-05 21:03:33,380 [com.cadence.mdv.imc.Main] [main] - Binding debug tools http on port: 38591
[INFO ] 2023-12-06 23:52:06,780 [com.cadence.mdv.imc.Main] [main] - Binding debug tools http on port: 44423
[INFO ] 2023-12-06 23:52:11,881 [com.cadence.mdv.imc.Main] [main] - Binding debug tools http on port: 45818
[INFO ] 2023-12-07 08:02:13,625 [com.cadence.mdv.imc.Main] [main] - Binding debug tools http on port: 34305
[INFO ] 2023-12-07 08:02:18,609 [com.cadence.mdv.imc.Main] [main] - Binding debug tools http on port: 38071
[INFO ] 2023-12-07 08:44:48,119 [com.cadence.mdv.imc.Main] [main] - Binding debug tools http on port: 36804
[INFO ] 2023-12-07 08:44:53,238 [com.cadence.mdv.imc.Main] [main] - Binding debug tools http on port: 40743
[INFO ] 2023-12-07 08:45:39,445 [com.cadence.mdv.imc.Main] [main] - Binding debug tools http on port: 41913
[INFO ] 2023-12-07 08:45:44,634 [com.cadence.mdv.imc.Main] [main] - Binding debug tools http on port: 45754
[INFO ] 2023-12-27 19:10:23,632 [com.cadence.mdv.imc.Main] [main] - Binding debug tools http on port: 46691
[ERROR] 2023-12-27 19:10:23,707 [com.cadence.mdv.messaging.MDVASynchronicMessaging] [frontend-pool-1] - Directory 'cov_work/scope/runall_test' not found. Verify the existence of the specified directory, and rerun the command
[INFO ] 2023-12-27 19:10:53,832 [com.cadence.mdv.imc.Main] [main] - Binding debug tools http on port: 40736
[ERROR] 2023-12-27 19:10:53,929 [com.cadence.mdv.messaging.MDVASynchronicMessaging] [frontend-pool-1] - Directory 'cov_work/scope/merged_results' not found. Verify the existence of the specified directory, and rerun the command
[INFO ] 2023-12-27 21:00:32,757 [com.cadence.mdv.imc.Main] [main] - Binding debug tools http on port: 38185
[ERROR] 2023-12-27 21:00:32,847 [com.cadence.mdv.messaging.MDVASynchronicMessaging] [frontend-pool-1] - Directory 'cov_work/scope/runall_test' not found. Verify the existence of the specified directory, and rerun the command
[INFO ] 2023-12-27 21:01:18,596 [com.cadence.mdv.imc.Main] [main] - Binding debug tools http on port: 34691
[ERROR] 2023-12-27 21:01:18,668 [com.cadence.mdv.messaging.MDVASynchronicMessaging] [frontend-pool-1] - Directory 'cov_work/scope/merged_results' not found. Verify the existence of the specified directory, and rerun the command
[INFO ] 2023-12-27 21:04:56,220 [com.cadence.mdv.imc.Main] [main] - Binding debug tools http on port: 36926
[ERROR] 2023-12-27 21:04:56,291 [com.cadence.mdv.messaging.MDVASynchronicMessaging] [frontend-pool-1] - Directory 'cov_work/scope/runall_test' not found. Verify the existence of the specified directory, and rerun the command
[INFO ] 2023-12-27 21:05:35,479 [com.cadence.mdv.imc.Main] [main] - Binding debug tools http on port: 35268
[ERROR] 2023-12-27 21:05:35,572 [com.cadence.mdv.messaging.MDVASynchronicMessaging] [frontend-pool-1] - Directory 'cov_work/scope/merged_results' not found. Verify the existence of the specified directory, and rerun the command
[INFO ] 2023-12-27 21:12:04,049 [com.cadence.mdv.imc.Main] [main] - Binding debug tools http on port: 37931
[ERROR] 2023-12-27 21:12:04,132 [com.cadence.mdv.messaging.MDVASynchronicMessaging] [frontend-pool-1] - Directory 'cov_work/scope/runall_test' not found. Verify the existence of the specified directory, and rerun the command
[INFO ] 2023-12-27 21:12:41,040 [com.cadence.mdv.imc.Main] [main] - Binding debug tools http on port: 44987
[ERROR] 2023-12-27 21:12:41,129 [com.cadence.mdv.messaging.MDVASynchronicMessaging] [frontend-pool-1] - Directory 'cov_work/scope/merged_results' not found. Verify the existence of the specified directory, and rerun the command
[INFO ] 2023-12-27 21:13:23,178 [com.cadence.mdv.imc.Main] [main] - Binding debug tools http on port: 40146
[ERROR] 2023-12-27 21:13:23,246 [com.cadence.mdv.messaging.MDVASynchronicMessaging] [frontend-pool-1] - Directory 'cov_work/scope/runall_test' not found. Verify the existence of the specified directory, and rerun the command
[INFO ] 2023-12-27 21:13:28,412 [com.cadence.mdv.imc.Main] [main] - Binding debug tools http on port: 35874
[ERROR] 2023-12-27 21:13:28,479 [com.cadence.mdv.messaging.MDVASynchronicMessaging] [frontend-pool-1] - Directory 'cov_work/scope/merged_results' not found. Verify the existence of the specified directory, and rerun the command
[INFO ] 2023-12-27 21:17:45,894 [com.cadence.mdv.imc.Main] [main] - Binding debug tools http on port: 45634
[ERROR] 2023-12-27 21:17:45,974 [com.cadence.mdv.messaging.MDVASynchronicMessaging] [frontend-pool-1] - Directory 'cov_work/scope/runall_test' not found. Verify the existence of the specified directory, and rerun the command
[INFO ] 2023-12-27 21:17:50,972 [com.cadence.mdv.imc.Main] [main] - Binding debug tools http on port: 42364
[ERROR] 2023-12-27 21:17:51,038 [com.cadence.mdv.messaging.MDVASynchronicMessaging] [frontend-pool-1] - Directory 'cov_work/scope/merged_results' not found. Verify the existence of the specified directory, and rerun the command
[INFO ] 2023-12-27 21:24:31,126 [com.cadence.mdv.imc.Main] [main] - Binding debug tools http on port: 46007
[ERROR] 2023-12-27 21:24:31,196 [com.cadence.mdv.messaging.MDVASynchronicMessaging] [frontend-pool-1] - Directory 'cov_work/scope/runall_test' not found. Verify the existence of the specified directory, and rerun the command
[INFO ] 2023-12-27 21:24:55,789 [com.cadence.mdv.imc.Main] [main] - Binding debug tools http on port: 44288
[ERROR] 2023-12-27 21:24:55,862 [com.cadence.mdv.messaging.MDVASynchronicMessaging] [frontend-pool-1] - Directory 'cov_work/scope/merged_results' not found. Verify the existence of the specified directory, and rerun the command
[INFO ] 2023-12-27 21:30:27,863 [com.cadence.mdv.imc.Main] [main] - Binding debug tools http on port: 44484
[ERROR] 2023-12-27 21:30:27,963 [com.cadence.mdv.messaging.MDVASynchronicMessaging] [frontend-pool-1] - Directory 'cov_work/scope/runall_test' not found. Verify the existence of the specified directory, and rerun the command
[INFO ] 2023-12-27 21:30:33,041 [com.cadence.mdv.imc.Main] [main] - Binding debug tools http on port: 45949
[ERROR] 2023-12-27 21:30:33,106 [com.cadence.mdv.messaging.MDVASynchronicMessaging] [frontend-pool-1] - Directory 'cov_work/scope/merged_results' not found. Verify the existence of the specified directory, and rerun the command
[INFO ] 2023-12-27 21:33:06,984 [com.cadence.mdv.imc.Main] [main] - Binding debug tools http on port: 32814
[ERROR] 2023-12-27 21:33:07,079 [com.cadence.mdv.messaging.MDVASynchronicMessaging] [frontend-pool-1] - Directory 'cov_work/scope/runall_test' not found. Verify the existence of the specified directory, and rerun the command
[INFO ] 2023-12-27 21:33:11,790 [com.cadence.mdv.imc.Main] [main] - Binding debug tools http on port: 33598
[ERROR] 2023-12-27 21:33:11,856 [com.cadence.mdv.messaging.MDVASynchronicMessaging] [frontend-pool-1] - Directory 'cov_work/scope/merged_results' not found. Verify the existence of the specified directory, and rerun the command
[INFO ] 2023-12-27 21:38:07,392 [com.cadence.mdv.imc.Main] [main] - Binding debug tools http on port: 33852
[INFO ] 2023-12-27 21:38:12,015 [com.cadence.mdv.imc.Main] [main] - Binding debug tools http on port: 46731
[INFO ] 2023-12-27 21:41:05,379 [com.cadence.mdv.imc.Main] [main] - Binding debug tools http on port: 34840
[INFO ] 2023-12-27 21:41:10,240 [com.cadence.mdv.imc.Main] [main] - Binding debug tools http on port: 35531
[INFO ] 2023-12-27 21:43:50,894 [com.cadence.mdv.imc.Main] [main] - Binding debug tools http on port: 41160
[INFO ] 2023-12-27 21:43:55,653 [com.cadence.mdv.imc.Main] [main] - Binding debug tools http on port: 36106
[INFO ] 2023-12-27 22:40:11,919 [com.cadence.mdv.imc.Main] [main] - Binding debug tools http on port: 40509
[ERROR] 2023-12-27 22:40:12,017 [com.cadence.mdv.messaging.MDVASynchronicMessaging] [frontend-pool-1] - Directory 'cov_work/scope/runall_test' not found. Verify the existence of the specified directory, and rerun the command
[INFO ] 2023-12-27 22:40:17,231 [com.cadence.mdv.imc.Main] [main] - Binding debug tools http on port: 41861
[ERROR] 2023-12-27 22:40:17,301 [com.cadence.mdv.messaging.MDVASynchronicMessaging] [frontend-pool-1] - Directory 'cov_work/scope/merged_results' not found. Verify the existence of the specified directory, and rerun the command
[INFO ] 2023-12-27 22:41:11,363 [com.cadence.mdv.imc.Main] [main] - Binding debug tools http on port: 44086
[ERROR] 2023-12-27 22:41:11,433 [com.cadence.mdv.messaging.MDVASynchronicMessaging] [frontend-pool-1] - Directory 'cov_work/scope/runall_test' not found. Verify the existence of the specified directory, and rerun the command
[INFO ] 2023-12-27 22:41:31,596 [com.cadence.mdv.imc.Main] [main] - Binding debug tools http on port: 34942
[ERROR] 2023-12-27 22:41:31,666 [com.cadence.mdv.messaging.MDVASynchronicMessaging] [frontend-pool-1] - Directory 'cov_work/scope/merged_results' not found. Verify the existence of the specified directory, and rerun the command
[INFO ] 2023-12-27 22:42:27,789 [com.cadence.mdv.imc.Main] [main] - Binding debug tools http on port: 37956
[ERROR] 2023-12-27 22:42:27,849 [com.cadence.mdv.messaging.MDVASynchronicMessaging] [frontend-pool-1] - Directory 'cov_work/scope/runall_test' not found. Verify the existence of the specified directory, and rerun the command
[INFO ] 2023-12-27 22:42:32,509 [com.cadence.mdv.imc.Main] [main] - Binding debug tools http on port: 43561
[ERROR] 2023-12-27 22:42:32,582 [com.cadence.mdv.messaging.MDVASynchronicMessaging] [frontend-pool-1] - Directory 'cov_work/scope/merged_results' not found. Verify the existence of the specified directory, and rerun the command
[INFO ] 2023-12-27 22:45:29,696 [com.cadence.mdv.imc.Main] [main] - Binding debug tools http on port: 45819
[INFO ] 2023-12-27 22:45:34,421 [com.cadence.mdv.imc.Main] [main] - Binding debug tools http on port: 38113
[INFO ] 2023-12-27 22:47:23,432 [com.cadence.mdv.imc.Main] [main] - Binding debug tools http on port: 44013
[INFO ] 2023-12-27 22:47:28,109 [com.cadence.mdv.imc.Main] [main] - Binding debug tools http on port: 34799
[INFO ] 2023-12-27 22:55:08,876 [com.cadence.mdv.imc.Main] [main] - Binding debug tools http on port: 42848
[INFO ] 2023-12-27 22:55:13,984 [com.cadence.mdv.imc.Main] [main] - Binding debug tools http on port: 43088
[INFO ] 2023-12-29 13:06:10,604 [com.cadence.mdv.imc.Main] [main] - Binding debug tools http on port: 34579
[INFO ] 2023-12-29 13:06:15,375 [com.cadence.mdv.imc.Main] [main] - Binding debug tools http on port: 37809
[INFO ] 2023-12-29 13:09:06,755 [com.cadence.mdv.imc.Main] [main] - Binding debug tools http on port: 45434
[INFO ] 2023-12-29 13:09:11,593 [com.cadence.mdv.imc.Main] [main] - Binding debug tools http on port: 32991
[INFO ] 2023-12-29 13:12:24,921 [com.cadence.mdv.imc.Main] [main] - Binding debug tools http on port: 33928
[INFO ] 2023-12-29 13:26:13,766 [com.cadence.mdv.imc.Main] [main] - Binding debug tools http on port: 44634
[INFO ] 2023-12-29 13:26:18,594 [com.cadence.mdv.imc.Main] [main] - Binding debug tools http on port: 45912
[INFO ] 2023-12-29 13:43:45,684 [com.cadence.mdv.imc.Main] [main] - Binding debug tools http on port: 37287
[INFO ] 2023-12-29 13:43:50,490 [com.cadence.mdv.imc.Main] [main] - Binding debug tools http on port: 40200
[INFO ] 2023-12-29 13:47:23,980 [com.cadence.mdv.imc.Main] [main] - Binding debug tools http on port: 39355
[INFO ] 2023-12-29 13:47:28,931 [com.cadence.mdv.imc.Main] [main] - Binding debug tools http on port: 40510
[INFO ] 2023-12-29 14:03:56,273 [com.cadence.mdv.imc.Main] [main] - Binding debug tools http on port: 46225
[INFO ] 2023-12-29 14:04:01,319 [com.cadence.mdv.imc.Main] [main] - Binding debug tools http on port: 40298
[INFO ] 2023-12-29 15:55:50,529 [com.cadence.mdv.imc.Main] [main] - Binding debug tools http on port: 38437
[INFO ] 2023-12-29 15:55:55,311 [com.cadence.mdv.imc.Main] [main] - Binding debug tools http on port: 40953
[INFO ] 2023-12-29 15:57:34,609 [com.cadence.mdv.imc.Main] [main] - Binding debug tools http on port: 42347
[INFO ] 2023-12-29 15:57:39,351 [com.cadence.mdv.imc.Main] [main] - Binding debug tools http on port: 44415
[INFO ] 2023-12-29 15:58:36,224 [com.cadence.mdv.imc.Main] [main] - Binding debug tools http on port: 36200
[INFO ] 2023-12-29 15:58:41,207 [com.cadence.mdv.imc.Main] [main] - Binding debug tools http on port: 35812
[INFO ] 2023-12-29 16:00:48,944 [com.cadence.mdv.imc.Main] [main] - Binding debug tools http on port: 39386
[INFO ] 2023-12-29 16:01:59,938 [com.cadence.mdv.imc.Main] [main] - Binding debug tools http on port: 46237
[INFO ] 2023-12-29 16:02:04,932 [com.cadence.mdv.imc.Main] [main] - Binding debug tools http on port: 39357
[INFO ] 2023-12-29 16:14:10,645 [com.cadence.mdv.imc.Main] [main] - Binding debug tools http on port: 33093
[INFO ] 2023-12-29 16:14:15,477 [com.cadence.mdv.imc.Main] [main] - Binding debug tools http on port: 39074
[INFO ] 2023-12-29 16:34:15,031 [com.cadence.mdv.imc.Main] [main] - Binding debug tools http on port: 40559
[INFO ] 2023-12-29 16:34:20,040 [com.cadence.mdv.imc.Main] [main] - Binding debug tools http on port: 40173
